::1 - - [24/Jan/2015:12:15:37 +0100] "GET /phpmyadmin HTTP/1.1" 301 241
::1 - - [24/Jan/2015:12:15:37 +0100] "GET /phpmyadmin/ HTTP/1.1" 200 8153
::1 - - [24/Jan/2015:12:15:37 +0100] "GET /phpmyadmin/themes/pmahomme/jquery/jquery-ui-1.9.2.custom.css HTTP/1.1" 200 32278
::1 - - [24/Jan/2015:12:15:37 +0100] "GET /phpmyadmin/js/get_scripts.js.php?scripts[]=jquery/jquery-1.8.3.js&scripts[]=ajax.js&scripts[]=keyhandler.js&scripts[]=jquery/jquery-ui-1.9.2.custom.js&scripts[]=jquery/jquery.sprintf.js&scripts[]=jquery/jquery.cookie.js&scripts[]=jquery/jquery.mousewheel.js&scripts[]=jquery/jquery.event.drag-2.2.js&scripts[]=jquery/jquery-ui-timepicker-addon.js&scripts[]=jquery/jquery.ba-hashchange-1.3.js&scripts[]=jquery/jquery.debounce-1.0.5.js&scripts[]=jquery/jquery.menuResizer-1.0.js&scripts[]=rte.js&scripts[]=functions.js&scripts[]=navigation.js&scripts[]=indexes.js&scripts[]=common.js&scripts[]=codemirror/lib/codemirror.js&scripts[]=codemirror/mode/mysql/mysql.js HTTP/1.1" 200 578562
::1 - - [24/Jan/2015:12:15:37 +0100] "GET /phpmyadmin/themes/pmahomme/img/logo_right.png HTTP/1.1" 200 4548
::1 - - [24/Jan/2015:12:15:37 +0100] "GET /phpmyadmin/themes/dot.gif HTTP/1.1" 200 43
::1 - - [24/Jan/2015:12:15:37 +0100] "GET /phpmyadmin/phpmyadmin.css.php?server=1&token=8beaf98c76305ffd0a16a23d6afd9a85&nocache=4256474751ltr HTTP/1.1" 200 88608
::1 - - [24/Jan/2015:12:15:37 +0100] "GET /phpmyadmin/js/get_image.js.php?theme=pmahomme HTTP/1.1" 200 6263
::1 - - [24/Jan/2015:12:15:37 +0100] "GET /phpmyadmin/js/messages.php?lang=nl&db=&server=0&token=8beaf98c76305ffd0a16a23d6afd9a85 HTTP/1.1" 200 18194
::1 - - [24/Jan/2015:12:15:38 +0100] "GET /phpmyadmin/themes/pmahomme/img/sprites.png HTTP/1.1" 200 61899
::1 - - [24/Jan/2015:12:16:15 +0100] "POST /phpmyadmin/index.php HTTP/1.1" 302 -
::1 - - [24/Jan/2015:12:16:15 +0100] "GET /phpmyadmin/index.php?token=8beaf98c76305ffd0a16a23d6afd9a85 HTTP/1.1" 200 46948
::1 - - [24/Jan/2015:12:16:16 +0100] "GET /phpmyadmin/themes/pmahomme/img/logo_left.png HTTP/1.1" 200 2327
::1 - - [24/Jan/2015:12:16:16 +0100] "GET /phpmyadmin/themes/pmahomme/img/ajax_clock_small.gif HTTP/1.1" 200 1810
::1 - - [24/Jan/2015:12:16:16 +0100] "GET /phpmyadmin/phpmyadmin.css.php?server=1&token=8beaf98c76305ffd0a16a23d6afd9a85&nocache=5678423726ltr HTTP/1.1" 200 88608
::1 - - [24/Jan/2015:12:16:16 +0100] "GET /phpmyadmin/themes/pmahomme/img/left_nav_bg.png HTTP/1.1" 200 297
::1 - - [24/Jan/2015:12:16:16 +0100] "GET /phpmyadmin/version_check.php?&_nocache=1422098176503293942 HTTP/1.1" 200 39
::1 - - [24/Jan/2015:12:16:18 +0100] "GET /phpmyadmin/db_structure.php?server=1&db=javaeindwerkdb&token=8beaf98c76305ffd0a16a23d6afd9a85&ajax_request=true&ajax_page_request=true&menuHashes=5e0faeed&_nocache=1422098178156213262 HTTP/1.1" 200 21479
::1 - - [24/Jan/2015:12:16:19 +0100] "GET /phpmyadmin/themes/pmahomme/img/arrow_ltr.png HTTP/1.1" 200 139
::1 - - [24/Jan/2015:12:16:19 +0100] "GET /phpmyadmin/js/get_scripts.js.php?scripts[]=db_structure.js&scripts[]=tbl_change.js HTTP/1.1" 200 12382
::1 - - [24/Jan/2015:12:16:20 +0100] "GET /phpmyadmin/sql.php?db=javaeindwerkdb&token=8beaf98c76305ffd0a16a23d6afd9a85&goto=db_structure.php&table=product&pos=0&ajax_request=true&ajax_page_request=true&menuHashes=5e0faeed-1ac445ca&_nocache=1422098180877468434 HTTP/1.1" 200 24923
::1 - - [24/Jan/2015:12:16:21 +0100] "GET /phpmyadmin/themes/pmahomme/img/s_fulltext.png HTTP/1.1" 200 193
::1 - - [24/Jan/2015:12:16:21 +0100] "GET /phpmyadmin/js/get_scripts.js.php?scripts[]=tbl_structure.js&scripts[]=gis_data_editor.js&scripts[]=makegrid.js&scripts[]=sql.js HTTP/1.1" 200 50287
::1 - - [24/Jan/2015:12:16:21 +0100] "GET /phpmyadmin/themes/pmahomme/img/col_pointer.png HTTP/1.1" 200 113
::1 - - [24/Jan/2015:12:16:21 +0100] "GET /phpmyadmin/themes/pmahomme/img/col_drop.png HTTP/1.1" 200 132
::1 - - [24/Jan/2015:12:16:21 +0100] "GET /phpmyadmin/index.php?ajax_request=1&recent_table=1&token=8beaf98c76305ffd0a16a23d6afd9a85 HTTP/1.1" 200 647
::1 - - [24/Jan/2015:12:16:25 +0100] "GET /phpmyadmin/tbl_change.php?db=javaeindwerkdb&table=product&where_clause=%60product%60.%60ID%60+%3D+1&clause_is_unique=1&sql_query=SELECT+%2A+FROM+%60product%60&goto=sql.php&default_action=update&token=8beaf98c76305ffd0a16a23d6afd9a85&ajax_request=true&ajax_page_request=true&menuHashes=5e0faeed-1ac445ca-4a1160df&_nocache=1422098185775765580 HTTP/1.1" 200 29223
::1 - - [24/Jan/2015:12:16:26 +0100] "GET /phpmyadmin/index.php?ajax_request=1&recent_table=1&token=8beaf98c76305ffd0a16a23d6afd9a85 HTTP/1.1" 200 647
::1 - - [24/Jan/2015:12:16:33 +0100] "POST /phpmyadmin/tbl_replace.php HTTP/1.1" 200 24882
::1 - - [24/Jan/2015:12:16:33 +0100] "GET /phpmyadmin/index.php?ajax_request=1&recent_table=1&token=8beaf98c76305ffd0a16a23d6afd9a85 HTTP/1.1" 200 647
::1 - - [24/Jan/2015:12:16:36 +0100] "GET /phpmyadmin/db_structure.php?server=1&db=javaeindwerkdb&token=8beaf98c76305ffd0a16a23d6afd9a85&ajax_request=true&ajax_page_request=true&menuHashes=5e0faeed-1ac445ca-4a1160df-96841e1f&_nocache=142209819662964738 HTTP/1.1" 200 18230
::1 - - [24/Jan/2015:12:16:38 +0100] "GET /phpmyadmin/sql.php?db=javaeindwerkdb&token=8beaf98c76305ffd0a16a23d6afd9a85&goto=db_structure.php&table=product&pos=0&ajax_request=true&ajax_page_request=true&menuHashes=5e0faeed-1ac445ca-4a1160df-96841e1f&_nocache=1422098198221844768 HTTP/1.1" 200 21765
::1 - - [24/Jan/2015:12:16:38 +0100] "GET /phpmyadmin/index.php?ajax_request=1&recent_table=1&token=8beaf98c76305ffd0a16a23d6afd9a85 HTTP/1.1" 200 647
::1 - - [24/Jan/2015:12:18:15 +0100] "GET /phpmyadmin/tbl_change.php?db=javaeindwerkdb&table=product&where_clause=%60product%60.%60ID%60+%3D+1&clause_is_unique=1&sql_query=SELECT+%2A+FROM+%60product%60&goto=sql.php&default_action=update&token=8beaf98c76305ffd0a16a23d6afd9a85&ajax_request=true&ajax_page_request=true&menuHashes=5e0faeed-1ac445ca-4a1160df-96841e1f&_nocache=1422098295686234080 HTTP/1.1" 200 26067
::1 - - [24/Jan/2015:12:18:15 +0100] "GET /phpmyadmin/index.php?ajax_request=1&recent_table=1&token=8beaf98c76305ffd0a16a23d6afd9a85 HTTP/1.1" 200 647
::1 - - [24/Jan/2015:12:18:19 +0100] "POST /phpmyadmin/tbl_replace.php HTTP/1.1" 200 24882
::1 - - [24/Jan/2015:12:18:20 +0100] "GET /phpmyadmin/index.php?ajax_request=1&recent_table=1&token=8beaf98c76305ffd0a16a23d6afd9a85 HTTP/1.1" 200 647
::1 - - [24/Jan/2015:13:31:46 +0100] "GET /phpmyadmin/ HTTP/1.1" 200 8153
::1 - - [24/Jan/2015:13:31:46 +0100] "GET /phpmyadmin/js/get_scripts.js.php?scripts[]=jquery/jquery-1.8.3.js&scripts[]=ajax.js&scripts[]=keyhandler.js&scripts[]=jquery/jquery-ui-1.9.2.custom.js&scripts[]=jquery/jquery.sprintf.js&scripts[]=jquery/jquery.cookie.js&scripts[]=jquery/jquery.mousewheel.js&scripts[]=jquery/jquery.event.drag-2.2.js&scripts[]=jquery/jquery-ui-timepicker-addon.js&scripts[]=jquery/jquery.ba-hashchange-1.3.js&scripts[]=jquery/jquery.debounce-1.0.5.js&scripts[]=jquery/jquery.menuResizer-1.0.js&scripts[]=rte.js&scripts[]=functions.js&scripts[]=navigation.js&scripts[]=indexes.js&scripts[]=common.js&scripts[]=codemirror/lib/codemirror.js&scripts[]=codemirror/mode/mysql/mysql.js HTTP/1.1" 200 578562
::1 - - [24/Jan/2015:13:31:49 +0100] "POST /phpmyadmin/index.php HTTP/1.1" 302 -
::1 - - [24/Jan/2015:13:31:49 +0100] "GET /phpmyadmin/index.php?token=8beaf98c76305ffd0a16a23d6afd9a85 HTTP/1.1" 200 46948
::1 - - [24/Jan/2015:13:31:49 +0100] "GET /phpmyadmin/version_check.php?&_nocache=1422102709931330975 HTTP/1.1" 200 39
::1 - - [24/Jan/2015:13:31:54 +0100] "GET /phpmyadmin/navigation.php?ajax_request=1&token=8beaf98c76305ffd0a16a23d6afd9a85&aPath=cm9vdA%3D%3D.amF2YWVpbmR3ZXJrZGI%3D&vPath=cm9vdA%3D%3D.amF2YWVpbmR3ZXJrZGI%3D&pos=0&pos2_name=&pos2_value=&searchClause=&searchClause2=&_nocache=1422102714947872273 HTTP/1.1" 200 3858
::1 - - [24/Jan/2015:13:31:58 +0100] "GET /phpmyadmin/sql.php?server=1&db=javaeindwerkdb&table=product&pos=0&token=8beaf98c76305ffd0a16a23d6afd9a85&ajax_request=true&ajax_page_request=true&menuHashes=5e0faeed&_nocache=142210271880757801 HTTP/1.1" 200 30023
::1 - - [24/Jan/2015:13:31:59 +0100] "GET /phpmyadmin/js/get_scripts.js.php?scripts[]=tbl_change.js&scripts[]=tbl_structure.js&scripts[]=gis_data_editor.js&scripts[]=makegrid.js&scripts[]=sql.js HTTP/1.1" 200 57302
::1 - - [24/Jan/2015:13:31:59 +0100] "GET /phpmyadmin/index.php?ajax_request=1&recent_table=1&token=8beaf98c76305ffd0a16a23d6afd9a85 HTTP/1.1" 200 647
::1 - - [24/Jan/2015:13:32:05 +0100] "GET /phpmyadmin/tbl_structure.php?db=javaeindwerkdb&table=product&token=8beaf98c76305ffd0a16a23d6afd9a85&ajax_request=true&ajax_page_request=true&menuHashes=5e0faeed-4a1160df&_nocache=1422102725082333911 HTTP/1.1" 200 37159
::1 - - [24/Jan/2015:13:32:05 +0100] "GET /phpmyadmin/index.php?ajax_request=1&recent_table=1&token=8beaf98c76305ffd0a16a23d6afd9a85 HTTP/1.1" 200 647
::1 - - [24/Jan/2015:13:32:34 +0100] "POST /phpmyadmin/tbl_addfield.php HTTP/1.1" 200 39940
::1 - - [24/Jan/2015:13:32:34 +0100] "GET /phpmyadmin/index.php?ajax_request=1&recent_table=1&token=8beaf98c76305ffd0a16a23d6afd9a85 HTTP/1.1" 200 647
::1 - - [24/Jan/2015:13:32:57 +0100] "POST /phpmyadmin/tbl_addfield.php HTTP/1.1" 200 2330
::1 - - [24/Jan/2015:13:32:58 +0100] "POST /phpmyadmin/navigation.php?ajax_request=1&token=8beaf98c76305ffd0a16a23d6afd9a85 HTTP/1.1" 200 6436
::1 - - [24/Jan/2015:13:33:08 +0100] "GET /phpmyadmin/sql.php?server=1&db=javaeindwerkdb&table=product&pos=0&token=8beaf98c76305ffd0a16a23d6afd9a85&ajax_request=true&ajax_page_request=true&menuHashes=5e0faeed-4a1160df-565b3009&_nocache=1422102788470550251 HTTP/1.1" 200 27450
::1 - - [24/Jan/2015:13:33:08 +0100] "GET /phpmyadmin/index.php?ajax_request=1&recent_table=1&token=8beaf98c76305ffd0a16a23d6afd9a85 HTTP/1.1" 200 647
::1 - - [24/Jan/2015:13:33:14 +0100] "GET /phpmyadmin/tbl_change.php?db=javaeindwerkdb&table=product&where_clause=%60product%60.%60ID%60+%3D+1&clause_is_unique=1&sql_query=SELECT+%2A+FROM+%60product%60&goto=sql.php&default_action=update&token=8beaf98c76305ffd0a16a23d6afd9a85&ajax_request=true&ajax_page_request=true&menuHashes=5e0faeed-4a1160df-565b3009&_nocache=1422102794136410869 HTTP/1.1" 200 33723
::1 - - [24/Jan/2015:13:33:14 +0100] "GET /phpmyadmin/index.php?ajax_request=1&recent_table=1&token=8beaf98c76305ffd0a16a23d6afd9a85 HTTP/1.1" 200 647
::1 - - [24/Jan/2015:13:33:32 +0100] "POST /phpmyadmin/tbl_replace.php HTTP/1.1" 200 30664
::1 - - [24/Jan/2015:13:33:32 +0100] "GET /phpmyadmin/index.php?ajax_request=1&recent_table=1&token=8beaf98c76305ffd0a16a23d6afd9a85 HTTP/1.1" 200 647
::1 - - [24/Jan/2015:13:33:48 +0100] "GET /phpmyadmin/sql.php?server=1&db=javaeindwerkdb&table=winkelwagen&pos=0&token=8beaf98c76305ffd0a16a23d6afd9a85 HTTP/1.1" 200 35542
::1 - - [24/Jan/2015:13:33:48 +0100] "GET /phpmyadmin/js/get_scripts.js.php?scripts[]=jquery/jquery-1.8.3.js&scripts[]=ajax.js&scripts[]=keyhandler.js&scripts[]=jquery/jquery-ui-1.9.2.custom.js&scripts[]=jquery/jquery.sprintf.js&scripts[]=jquery/jquery.cookie.js&scripts[]=jquery/jquery.mousewheel.js&scripts[]=jquery/jquery.event.drag-2.2.js&scripts[]=jquery/jquery-ui-timepicker-addon.js&scripts[]=jquery/jquery.ba-hashchange-1.3.js&scripts[]=jquery/jquery.debounce-1.0.5.js&scripts[]=jquery/jquery.menuResizer-1.0.js&scripts[]=rte.js&scripts[]=functions.js&scripts[]=navigation.js&scripts[]=indexes.js&scripts[]=common.js&scripts[]=tbl_change.js&scripts[]=tbl_structure.js&scripts[]=gis_data_editor.js&scripts[]=makegrid.js&scripts[]=sql.js&scripts[]=codemirror/lib/codemirror.js&scripts[]=codemirror/mode/mysql/mysql.js HTTP/1.1" 200 635864
::1 - - [24/Jan/2015:13:33:48 +0100] "GET /phpmyadmin/js/messages.php?lang=nl&db=javaeindwerkdb&token=8beaf98c76305ffd0a16a23d6afd9a85 HTTP/1.1" 200 18194
::1 - - [24/Jan/2015:13:33:49 +0100] "GET /phpmyadmin/index.php?ajax_request=1&recent_table=1&token=8beaf98c76305ffd0a16a23d6afd9a85 HTTP/1.1" 200 647
::1 - - [24/Jan/2015:13:34:18 +0100] "GET /phpmyadmin/tbl_change.php?db=javaeindwerkdb&table=product&where_clause=%60product%60.%60ID%60+%3D+1&clause_is_unique=1&sql_query=SELECT+%2A+FROM+%60product%60&goto=sql.php&default_action=update&token=8beaf98c76305ffd0a16a23d6afd9a85&ajax_request=true&ajax_page_request=true&menuHashes=5e0faeed-4a1160df-565b3009-96841e1f&_nocache=1422102858787439416 HTTP/1.1" 200 30603
::1 - - [24/Jan/2015:13:34:19 +0100] "GET /phpmyadmin/index.php?ajax_request=1&recent_table=1&token=8beaf98c76305ffd0a16a23d6afd9a85 HTTP/1.1" 200 647
::1 - - [24/Jan/2015:13:34:23 +0100] "GET /phpmyadmin/index.php?ajax_request=1&recent_table=1&token=8beaf98c76305ffd0a16a23d6afd9a85 HTTP/1.1" 200 647
::1 - - [24/Jan/2015:13:34:25 +0100] "GET /phpmyadmin/tbl_structure.php?db=javaeindwerkdb&table=product&token=8beaf98c76305ffd0a16a23d6afd9a85&ajax_request=true&ajax_page_request=true&menuHashes=5e0faeed-4a1160df-565b3009-96841e1f&_nocache=1422102865874506130 HTTP/1.1" 200 38377
::1 - - [24/Jan/2015:13:34:26 +0100] "GET /phpmyadmin/index.php?ajax_request=1&recent_table=1&token=8beaf98c76305ffd0a16a23d6afd9a85 HTTP/1.1" 200 647
::1 - - [24/Jan/2015:13:34:31 +0100] "GET /phpmyadmin/themes/pmahomme/jquery/images/ui-bg_flat_75_ffffff_40x100.png HTTP/1.1" 200 178
::1 - - [24/Jan/2015:13:34:31 +0100] "GET /phpmyadmin/themes/pmahomme/jquery/images/ui-icons_222222_256x240.png HTTP/1.1" 200 4369
::1 - - [24/Jan/2015:13:34:31 +0100] "GET /phpmyadmin/themes/pmahomme/jquery/images/ui-bg_highlight-soft_75_cccccc_1x100.png HTTP/1.1" 200 101
::1 - - [24/Jan/2015:13:34:31 +0100] "GET /phpmyadmin/themes/pmahomme/jquery/images/ui-bg_glass_75_e6e6e6_1x400.png HTTP/1.1" 200 110
::1 - - [24/Jan/2015:13:34:31 +0100] "GET /phpmyadmin/themes/pmahomme/jquery/images/ui-bg_flat_0_aaaaaa_40x100.png HTTP/1.1" 200 180
::1 - - [24/Jan/2015:13:34:31 +0100] "GET /phpmyadmin/themes/pmahomme/jquery/images/ui-bg_glass_75_dadada_1x400.png HTTP/1.1" 200 159
::1 - - [24/Jan/2015:13:34:32 +0100] "GET /phpmyadmin/themes/pmahomme/jquery/images/ui-bg_glass_65_ffffff_1x400.png HTTP/1.1" 200 105
::1 - - [24/Jan/2015:13:34:32 +0100] "GET /phpmyadmin/sql.php?db=javaeindwerkdb&table=product&token=8beaf98c76305ffd0a16a23d6afd9a85&goto=tbl_structure.php&back=tbl_structure.php&sql_query=ALTER+TABLE+%60product%60+DROP+%60Beschrijving%60%3B&dropped_column=Beschrijving&message_to_show=Kolom+Beschrijving+is+verwijderd&is_js_confirmed=1&ajax_request=true&ajax_page_request=true&_nocache=1422102872799900137 HTTP/1.1" 200 41100
::1 - - [24/Jan/2015:13:34:33 +0100] "POST /phpmyadmin/navigation.php?ajax_request=1&token=8beaf98c76305ffd0a16a23d6afd9a85 HTTP/1.1" 200 6436
::1 - - [24/Jan/2015:13:34:39 +0100] "GET /phpmyadmin/sql.php?server=1&db=javaeindwerkdb&table=account&pos=0&token=8beaf98c76305ffd0a16a23d6afd9a85&ajax_request=true&ajax_page_request=true&menuHashes=5e0faeed-4a1160df-565b3009-96841e1f&_nocache=1422102879257785661 HTTP/1.1" 200 24619
::1 - - [24/Jan/2015:13:34:39 +0100] "GET /phpmyadmin/index.php?ajax_request=1&recent_table=1&token=8beaf98c76305ffd0a16a23d6afd9a85 HTTP/1.1" 200 647
::1 - - [24/Jan/2015:13:34:41 +0100] "GET /phpmyadmin/sql.php?server=1&db=javaeindwerkdb&table=product&pos=0&token=8beaf98c76305ffd0a16a23d6afd9a85&ajax_request=true&ajax_page_request=true&menuHashes=5e0faeed-4a1160df-565b3009-96841e1f-bef09d8c&_nocache=1422102881873131390 HTTP/1.1" 200 26864
::1 - - [24/Jan/2015:13:34:42 +0100] "GET /phpmyadmin/index.php?ajax_request=1&recent_table=1&token=8beaf98c76305ffd0a16a23d6afd9a85 HTTP/1.1" 200 647
::1 - - [24/Jan/2015:13:34:43 +0100] "GET /phpmyadmin/sql.php?server=1&db=javaeindwerkdb&table=sequence&pos=0&token=8beaf98c76305ffd0a16a23d6afd9a85&ajax_request=true&ajax_page_request=true&menuHashes=5e0faeed-4a1160df-565b3009-96841e1f-bef09d8c&_nocache=1422102883416248634 HTTP/1.1" 200 20388
::1 - - [24/Jan/2015:13:34:43 +0100] "GET /phpmyadmin/index.php?ajax_request=1&recent_table=1&token=8beaf98c76305ffd0a16a23d6afd9a85 HTTP/1.1" 200 647
::1 - - [24/Jan/2015:13:34:44 +0100] "GET /phpmyadmin/sql.php?server=1&db=javaeindwerkdb&table=product&pos=0&token=8beaf98c76305ffd0a16a23d6afd9a85&ajax_request=true&ajax_page_request=true&menuHashes=5e0faeed-4a1160df-565b3009-96841e1f-bef09d8c-d2efbd23&_nocache=1422102884856616112 HTTP/1.1" 200 26864
::1 - - [24/Jan/2015:13:34:45 +0100] "GET /phpmyadmin/index.php?ajax_request=1&recent_table=1&token=8beaf98c76305ffd0a16a23d6afd9a85 HTTP/1.1" 200 647
::1 - - [24/Jan/2015:14:56:40 +0100] "GET /phpmyadmin/ HTTP/1.1" 200 8153
::1 - - [24/Jan/2015:14:56:41 +0100] "GET /phpmyadmin/js/get_scripts.js.php?scripts[]=jquery/jquery-1.8.3.js&scripts[]=ajax.js&scripts[]=keyhandler.js&scripts[]=jquery/jquery-ui-1.9.2.custom.js&scripts[]=jquery/jquery.sprintf.js&scripts[]=jquery/jquery.cookie.js&scripts[]=jquery/jquery.mousewheel.js&scripts[]=jquery/jquery.event.drag-2.2.js&scripts[]=jquery/jquery-ui-timepicker-addon.js&scripts[]=jquery/jquery.ba-hashchange-1.3.js&scripts[]=jquery/jquery.debounce-1.0.5.js&scripts[]=jquery/jquery.menuResizer-1.0.js&scripts[]=rte.js&scripts[]=functions.js&scripts[]=navigation.js&scripts[]=indexes.js&scripts[]=common.js&scripts[]=codemirror/lib/codemirror.js&scripts[]=codemirror/mode/mysql/mysql.js HTTP/1.1" 200 578562
::1 - - [24/Jan/2015:14:56:43 +0100] "POST /phpmyadmin/index.php HTTP/1.1" 302 -
::1 - - [24/Jan/2015:14:56:43 +0100] "GET /phpmyadmin/index.php?token=8beaf98c76305ffd0a16a23d6afd9a85 HTTP/1.1" 200 46948
::1 - - [24/Jan/2015:14:56:43 +0100] "GET /phpmyadmin/version_check.php?&_nocache=1422107803777374846 HTTP/1.1" 200 39
::1 - - [24/Jan/2015:14:56:45 +0100] "GET /phpmyadmin/db_structure.php?server=1&db=javaeindwerkdb&token=8beaf98c76305ffd0a16a23d6afd9a85&ajax_request=true&ajax_page_request=true&menuHashes=5e0faeed&_nocache=1422107805434418417 HTTP/1.1" 200 21479
::1 - - [24/Jan/2015:14:56:45 +0100] "GET /phpmyadmin/js/get_scripts.js.php?scripts[]=db_structure.js&scripts[]=tbl_change.js HTTP/1.1" 200 12382
::1 - - [24/Jan/2015:14:56:46 +0100] "GET /phpmyadmin/sql.php?db=javaeindwerkdb&token=8beaf98c76305ffd0a16a23d6afd9a85&goto=db_structure.php&table=account&pos=0&ajax_request=true&ajax_page_request=true&menuHashes=5e0faeed-1ac445ca&_nocache=1422107806834948654 HTTP/1.1" 200 24617
::1 - - [24/Jan/2015:14:56:47 +0100] "GET /phpmyadmin/js/get_scripts.js.php?scripts[]=tbl_structure.js&scripts[]=gis_data_editor.js&scripts[]=makegrid.js&scripts[]=sql.js HTTP/1.1" 200 50287
::1 - - [24/Jan/2015:14:56:47 +0100] "GET /phpmyadmin/index.php?ajax_request=1&recent_table=1&token=8beaf98c76305ffd0a16a23d6afd9a85 HTTP/1.1" 200 647
::1 - - [24/Jan/2015:15:01:48 +0100] "GET /phpmyadmin/db_structure.php?server=1&db=javaeindwerkdb&token=8beaf98c76305ffd0a16a23d6afd9a85&ajax_request=true&ajax_page_request=true&menuHashes=5e0faeed-1ac445ca-bef09d8c&_nocache=1422108108757567254 HTTP/1.1" 200 18230
::1 - - [24/Jan/2015:15:01:50 +0100] "GET /phpmyadmin/sql.php?db=javaeindwerkdb&token=8beaf98c76305ffd0a16a23d6afd9a85&goto=db_structure.php&table=winkelwagen&pos=0&ajax_request=true&ajax_page_request=true&menuHashes=5e0faeed-1ac445ca-bef09d8c&_nocache=1422108110978448984 HTTP/1.1" 200 24919
::1 - - [24/Jan/2015:15:01:51 +0100] "GET /phpmyadmin/index.php?ajax_request=1&recent_table=1&token=8beaf98c76305ffd0a16a23d6afd9a85 HTTP/1.1" 200 647
::1 - - [24/Jan/2015:15:03:42 +0100] "GET /phpmyadmin/tbl_structure.php?db=javaeindwerkdb&table=winkelwagen&token=8beaf98c76305ffd0a16a23d6afd9a85&ajax_request=true&ajax_page_request=true&menuHashes=5e0faeed-1ac445ca-bef09d8c-7bde90ad&_nocache=1422108222870661522 HTTP/1.1" 200 33337
::1 - - [24/Jan/2015:15:03:43 +0100] "GET /phpmyadmin/index.php?ajax_request=1&recent_table=1&token=8beaf98c76305ffd0a16a23d6afd9a85 HTTP/1.1" 200 647
::1 - - [24/Jan/2015:15:03:44 +0100] "GET /phpmyadmin/sql.php?db=javaeindwerkdb&table=winkelwagen&token=8beaf98c76305ffd0a16a23d6afd9a85&pos=0&ajax_request=true&ajax_page_request=true&menuHashes=5e0faeed-1ac445ca-bef09d8c-7bde90ad-c09a84af&_nocache=1422108224589561694 HTTP/1.1" 200 21716
::1 - - [24/Jan/2015:15:03:44 +0100] "GET /phpmyadmin/index.php?ajax_request=1&recent_table=1&token=8beaf98c76305ffd0a16a23d6afd9a85 HTTP/1.1" 200 647
::1 - - [24/Jan/2015:15:03:59 +0100] "GET /phpmyadmin/navigation.php?ajax_request=1&token=8beaf98c76305ffd0a16a23d6afd9a85&aPath=cm9vdA%3D%3D.amF2YWVpbmR3ZXJrZGI%3D&vPath=cm9vdA%3D%3D.amF2YWVpbmR3ZXJrZGI%3D&pos=0&pos2_name=&pos2_value=&searchClause=&searchClause2=&_nocache=1422108239643718704 HTTP/1.1" 200 3858
::1 - - [24/Jan/2015:15:04:01 +0100] "GET /phpmyadmin/navigation.php?ajax_request=1&token=8beaf98c76305ffd0a16a23d6afd9a85&aPath=cm9vdA%3D%3D.amF2YWVpbmR3ZXJrZGI%3D.dGFibGVz.YWNjb3VudA%3D%3D&vPath=cm9vdA%3D%3D.amF2YWVpbmR3ZXJrZGI%3D.VGFiZWxsZW4%3D.YWNjb3VudA%3D%3D&pos=0&pos2_name=tables&pos2_value=0&searchClause=&searchClause2=&_nocache=1422108241458894285 HTTP/1.1" 200 3556
::1 - - [24/Jan/2015:15:04:03 +0100] "GET /phpmyadmin/navigation.php?ajax_request=1&token=8beaf98c76305ffd0a16a23d6afd9a85&aPath=cm9vdA%3D%3D.amF2YWVpbmR3ZXJrZGI%3D.dGFibGVz.d2lua2Vsd2FnZW4%3D&vPath=cm9vdA%3D%3D.amF2YWVpbmR3ZXJrZGI%3D.VGFiZWxsZW4%3D.d2lua2Vsd2FnZW4%3D&pos=0&pos2_name=tables&pos2_value=0&searchClause=&searchClause2=&_nocache=1422108243507229917 HTTP/1.1" 200 3604
::1 - - [24/Jan/2015:15:04:05 +0100] "GET /phpmyadmin/sql.php?server=1&db=javaeindwerkdb&table=winkelwagen&pos=0&token=8beaf98c76305ffd0a16a23d6afd9a85&ajax_request=true&ajax_page_request=true&menuHashes=5e0faeed-1ac445ca-bef09d8c-7bde90ad-c09a84af&_nocache=1422108245475288340 HTTP/1.1" 200 21718
::1 - - [24/Jan/2015:15:04:05 +0100] "GET /phpmyadmin/index.php?ajax_request=1&recent_table=1&token=8beaf98c76305ffd0a16a23d6afd9a85 HTTP/1.1" 200 647
::1 - - [24/Jan/2015:15:04:09 +0100] "GET /phpmyadmin/tbl_change.php?db=javaeindwerkdb&table=winkelwagen&token=8beaf98c76305ffd0a16a23d6afd9a85&ajax_request=true&ajax_page_request=true&menuHashes=5e0faeed-1ac445ca-bef09d8c-7bde90ad-c09a84af&_nocache=1422108249337692097 HTTP/1.1" 200 42114
::1 - - [24/Jan/2015:15:04:09 +0100] "GET /phpmyadmin/index.php?ajax_request=1&recent_table=1&token=8beaf98c76305ffd0a16a23d6afd9a85 HTTP/1.1" 200 647
::1 - - [24/Jan/2015:15:04:37 +0100] "POST /phpmyadmin/tbl_replace.php HTTP/1.1" 200 12525
::1 - - [24/Jan/2015:15:04:40 +0100] "GET /phpmyadmin/index.php?ajax_request=1&recent_table=1&token=8beaf98c76305ffd0a16a23d6afd9a85 HTTP/1.1" 200 647
::1 - - [24/Jan/2015:15:04:43 +0100] "GET /phpmyadmin/sql.php?db=javaeindwerkdb&table=winkelwagen&token=8beaf98c76305ffd0a16a23d6afd9a85&pos=0&ajax_request=true&ajax_page_request=true&menuHashes=5e0faeed-1ac445ca-bef09d8c-7bde90ad-c09a84af-7266bac7-d7804107&_nocache=1422108283586297658 HTTP/1.1" 200 24275
::1 - - [24/Jan/2015:15:04:43 +0100] "GET /phpmyadmin/index.php?ajax_request=1&recent_table=1&token=8beaf98c76305ffd0a16a23d6afd9a85 HTTP/1.1" 200 647
::1 - - [24/Jan/2015:15:04:50 +0100] "GET /phpmyadmin/tbl_change.php?db=javaeindwerkdb&table=winkelwagen&where_clause=%60winkelwagen%60.%60ID%60+%3D+3&clause_is_unique=1&sql_query=SELECT+%2A+FROM+%60winkelwagen%60&goto=sql.php&default_action=update&token=8beaf98c76305ffd0a16a23d6afd9a85&ajax_request=true&ajax_page_request=true&menuHashes=5e0faeed-1ac445ca-bef09d8c-7bde90ad-c09a84af-7266bac7-d7804107&_nocache=142210829068479613 HTTP/1.1" 200 21688
::1 - - [24/Jan/2015:15:04:50 +0100] "GET /phpmyadmin/index.php?ajax_request=1&recent_table=1&token=8beaf98c76305ffd0a16a23d6afd9a85 HTTP/1.1" 200 647
::1 - - [24/Jan/2015:15:04:53 +0100] "POST /phpmyadmin/tbl_replace.php HTTP/1.1" 200 27445
::1 - - [24/Jan/2015:15:04:54 +0100] "GET /phpmyadmin/index.php?ajax_request=1&recent_table=1&token=8beaf98c76305ffd0a16a23d6afd9a85 HTTP/1.1" 200 647
::1 - - [24/Jan/2015:15:05:48 +0100] "GET /phpmyadmin/sql.php?server=1&db=javaeindwerkdb&table=product&pos=0&token=8beaf98c76305ffd0a16a23d6afd9a85&ajax_request=true&ajax_page_request=true&menuHashes=5e0faeed-1ac445ca-bef09d8c-7bde90ad-c09a84af-7266bac7-d7804107&_nocache=1422108348830452697 HTTP/1.1" 200 30023
::1 - - [24/Jan/2015:15:05:49 +0100] "GET /phpmyadmin/index.php?ajax_request=1&recent_table=1&token=8beaf98c76305ffd0a16a23d6afd9a85 HTTP/1.1" 200 647
::1 - - [24/Jan/2015:15:06:09 +0100] "GET /phpmyadmin/sql.php?db=javaeindwerkdb&table=product&token=8beaf98c76305ffd0a16a23d6afd9a85&pos=0&ajax_request=true&ajax_page_request=true&menuHashes=1ac445ca-bef09d8c-7bde90ad-c09a84af-7266bac7-d7804107-4a1160df&_nocache=1422108369697927906 HTTP/1.1" 200 26862
::1 - - [24/Jan/2015:15:06:09 +0100] "GET /phpmyadmin/index.php?ajax_request=1&recent_table=1&token=8beaf98c76305ffd0a16a23d6afd9a85 HTTP/1.1" 200 647
::1 - - [24/Jan/2015:16:34:49 +0100] "GET /phpmyadmin/index.php?token=8beaf98c76305ffd0a16a23d6afd9a85 HTTP/1.1" 200 8153
::1 - - [24/Jan/2015:16:34:50 +0100] "GET /phpmyadmin/themes/pmahomme/img/logo_right.png HTTP/1.1" 304 -
::1 - - [24/Jan/2015:16:34:50 +0100] "GET /phpmyadmin/themes/pmahomme/jquery/jquery-ui-1.9.2.custom.css HTTP/1.1" 304 -
::1 - - [24/Jan/2015:16:34:50 +0100] "GET /phpmyadmin/js/get_scripts.js.php?scripts[]=jquery/jquery-1.8.3.js&scripts[]=ajax.js&scripts[]=keyhandler.js&scripts[]=jquery/jquery-ui-1.9.2.custom.js&scripts[]=jquery/jquery.sprintf.js&scripts[]=jquery/jquery.cookie.js&scripts[]=jquery/jquery.mousewheel.js&scripts[]=jquery/jquery.event.drag-2.2.js&scripts[]=jquery/jquery-ui-timepicker-addon.js&scripts[]=jquery/jquery.ba-hashchange-1.3.js&scripts[]=jquery/jquery.debounce-1.0.5.js&scripts[]=jquery/jquery.menuResizer-1.0.js&scripts[]=rte.js&scripts[]=functions.js&scripts[]=navigation.js&scripts[]=indexes.js&scripts[]=common.js&scripts[]=codemirror/lib/codemirror.js&scripts[]=codemirror/mode/mysql/mysql.js HTTP/1.1" 200 578562
::1 - - [24/Jan/2015:16:34:50 +0100] "GET /phpmyadmin/themes/dot.gif HTTP/1.1" 304 -
::1 - - [24/Jan/2015:16:34:50 +0100] "GET /phpmyadmin/phpmyadmin.css.php?server=1&token=8beaf98c76305ffd0a16a23d6afd9a85&nocache=4256474751ltr HTTP/1.1" 200 88608
::1 - - [24/Jan/2015:16:34:50 +0100] "GET /phpmyadmin/js/messages.php?lang=nl&db=&server=0&token=8beaf98c76305ffd0a16a23d6afd9a85 HTTP/1.1" 200 18194
::1 - - [24/Jan/2015:16:34:50 +0100] "GET /phpmyadmin/js/get_image.js.php?theme=pmahomme HTTP/1.1" 200 6263
::1 - - [24/Jan/2015:16:34:51 +0100] "GET /phpmyadmin/favicon.ico HTTP/1.1" 200 18902
::1 - - [24/Jan/2015:16:34:51 +0100] "GET /phpmyadmin/sql.php?db=javaeindwerkdb&table=product&server=1&target=&token=8beaf98c76305ffd0a16a23d6afd9a85 HTTP/1.1" 200 8294
::1 - - [24/Jan/2015:16:34:51 +0100] "GET /phpmyadmin/js/messages.php?lang=nl&db=javaeindwerkdb&token=8beaf98c76305ffd0a16a23d6afd9a85 HTTP/1.1" 200 18194
::1 - - [24/Jan/2015:16:34:53 +0100] "POST /phpmyadmin/index.php HTTP/1.1" 302 -
::1 - - [24/Jan/2015:16:34:53 +0100] "GET /phpmyadmin/index.php?db=javaeindwerkdb&table=product&target=sql.php&token=8beaf98c76305ffd0a16a23d6afd9a85 HTTP/1.1" 200 37935
::1 - - [24/Jan/2015:16:34:53 +0100] "GET /phpmyadmin/js/get_scripts.js.php?scripts[]=jquery/jquery-1.8.3.js&scripts[]=ajax.js&scripts[]=keyhandler.js&scripts[]=jquery/jquery-ui-1.9.2.custom.js&scripts[]=jquery/jquery.sprintf.js&scripts[]=jquery/jquery.cookie.js&scripts[]=jquery/jquery.mousewheel.js&scripts[]=jquery/jquery.event.drag-2.2.js&scripts[]=jquery/jquery-ui-timepicker-addon.js&scripts[]=jquery/jquery.ba-hashchange-1.3.js&scripts[]=jquery/jquery.debounce-1.0.5.js&scripts[]=jquery/jquery.menuResizer-1.0.js&scripts[]=rte.js&scripts[]=functions.js&scripts[]=navigation.js&scripts[]=indexes.js&scripts[]=common.js&scripts[]=tbl_change.js&scripts[]=tbl_structure.js&scripts[]=gis_data_editor.js&scripts[]=makegrid.js&scripts[]=sql.js&scripts[]=codemirror/lib/codemirror.js&scripts[]=codemirror/mode/mysql/mysql.js HTTP/1.1" 200 635864
::1 - - [24/Jan/2015:16:34:53 +0100] "GET /phpmyadmin/phpmyadmin.css.php?server=1&token=8beaf98c76305ffd0a16a23d6afd9a85&nocache=5678423726ltr HTTP/1.1" 200 88608
::1 - - [24/Jan/2015:16:34:53 +0100] "GET /phpmyadmin/js/messages.php?lang=nl&db=javaeindwerkdb&server=0&token=8beaf98c76305ffd0a16a23d6afd9a85 HTTP/1.1" 200 18194
::1 - - [24/Jan/2015:16:34:54 +0100] "GET /phpmyadmin/index.php?ajax_request=1&recent_table=1&token=8beaf98c76305ffd0a16a23d6afd9a85 HTTP/1.1" 200 647
::1 - - [24/Jan/2015:16:34:55 +0100] "GET /phpmyadmin/db_structure.php?server=1&db=javaeindwerkdb&token=8beaf98c76305ffd0a16a23d6afd9a85&ajax_request=true&ajax_page_request=true&menuHashes=7c1ff1ee&_nocache=1422113695881810900 HTTP/1.1" 200 21479
::1 - - [24/Jan/2015:16:34:56 +0100] "GET /phpmyadmin/js/get_scripts.js.php?scripts[]=db_structure.js HTTP/1.1" 200 5367
::1 - - [24/Jan/2015:16:34:57 +0100] "GET /phpmyadmin/sql.php?db=javaeindwerkdb&token=8beaf98c76305ffd0a16a23d6afd9a85&goto=db_structure.php&table=winkelwagen&pos=0&ajax_request=true&ajax_page_request=true&menuHashes=7c1ff1ee-1ac445ca&_nocache=1422113697419423163 HTTP/1.1" 200 20706
::1 - - [24/Jan/2015:16:34:57 +0100] "GET /phpmyadmin/index.php?ajax_request=1&recent_table=1&token=8beaf98c76305ffd0a16a23d6afd9a85 HTTP/1.1" 200 647
::1 - - [24/Jan/2015:16:35:02 +0100] "GET /phpmyadmin/db_structure.php?server=1&db=javaeindwerkdb&token=8beaf98c76305ffd0a16a23d6afd9a85&ajax_request=true&ajax_page_request=true&menuHashes=7c1ff1ee-1ac445ca-7bde90ad&_nocache=1422113702508432363 HTTP/1.1" 200 18230
::1 - - [24/Jan/2015:16:35:04 +0100] "GET /phpmyadmin/themes/pmahomme/jquery/images/ui-bg_flat_75_ffffff_40x100.png HTTP/1.1" 200 178
::1 - - [24/Jan/2015:16:35:04 +0100] "GET /phpmyadmin/themes/pmahomme/jquery/images/ui-icons_222222_256x240.png HTTP/1.1" 200 4369
::1 - - [24/Jan/2015:16:35:04 +0100] "GET /phpmyadmin/themes/pmahomme/jquery/images/ui-bg_highlight-soft_75_cccccc_1x100.png HTTP/1.1" 200 101
::1 - - [24/Jan/2015:16:35:04 +0100] "GET /phpmyadmin/themes/pmahomme/jquery/images/ui-bg_glass_75_e6e6e6_1x400.png HTTP/1.1" 200 110
::1 - - [24/Jan/2015:16:35:04 +0100] "GET /phpmyadmin/themes/pmahomme/jquery/images/ui-bg_flat_0_aaaaaa_40x100.png HTTP/1.1" 200 180
::1 - - [24/Jan/2015:16:35:04 +0100] "GET /phpmyadmin/themes/pmahomme/jquery/images/ui-bg_glass_75_dadada_1x400.png HTTP/1.1" 200 159
::1 - - [24/Jan/2015:16:35:06 +0100] "GET /phpmyadmin/themes/pmahomme/jquery/images/ui-bg_glass_65_ffffff_1x400.png HTTP/1.1" 200 105
::1 - - [24/Jan/2015:16:35:07 +0100] "GET /phpmyadmin/sql.php?db=javaeindwerkdb&token=8beaf98c76305ffd0a16a23d6afd9a85&goto=db_structure.php&table=winkelwagen&sql_query=TRUNCATE+%60winkelwagen%60&message_to_show=Tabel+winkelwagen+is+leeg+gemaakt&is_js_confirmed=1&ajax_request=true&_nocache=1422113707070632175 HTTP/1.1" 200 1584
::1 - - [24/Jan/2015:16:35:17 +0100] "GET /phpmyadmin/sql.php?db=javaeindwerkdb&token=8beaf98c76305ffd0a16a23d6afd9a85&goto=db_structure.php&table=product&pos=0&ajax_request=true&ajax_page_request=true&menuHashes=7c1ff1ee-1ac445ca-7bde90ad&_nocache=1422113717875792763 HTTP/1.1" 200 30021
::1 - - [24/Jan/2015:16:35:18 +0100] "GET /phpmyadmin/index.php?ajax_request=1&recent_table=1&token=8beaf98c76305ffd0a16a23d6afd9a85 HTTP/1.1" 200 647
::1 - - [24/Jan/2015:16:56:45 +0100] "GET /phpmyadmin/index.php?db=javaeindwerkdb&table=product&target=sql.php&token=8beaf98c76305ffd0a16a23d6afd9a85 HTTP/1.1" 200 37935
::1 - - [24/Jan/2015:16:56:45 +0100] "GET /phpmyadmin/themes/pmahomme/img/logo_left.png HTTP/1.1" 304 -
::1 - - [24/Jan/2015:16:56:45 +0100] "GET /phpmyadmin/themes/dot.gif HTTP/1.1" 304 -
::1 - - [24/Jan/2015:16:56:45 +0100] "GET /phpmyadmin/themes/pmahomme/jquery/jquery-ui-1.9.2.custom.css HTTP/1.1" 304 -
::1 - - [24/Jan/2015:16:56:45 +0100] "GET /phpmyadmin/themes/pmahomme/img/ajax_clock_small.gif HTTP/1.1" 304 -
::1 - - [24/Jan/2015:16:56:45 +0100] "GET /phpmyadmin/themes/pmahomme/img/s_fulltext.png HTTP/1.1" 304 -
::1 - - [24/Jan/2015:16:56:45 +0100] "GET /phpmyadmin/js/get_scripts.js.php?scripts[]=jquery/jquery-1.8.3.js&scripts[]=ajax.js&scripts[]=keyhandler.js&scripts[]=jquery/jquery-ui-1.9.2.custom.js&scripts[]=jquery/jquery.sprintf.js&scripts[]=jquery/jquery.cookie.js&scripts[]=jquery/jquery.mousewheel.js&scripts[]=jquery/jquery.event.drag-2.2.js&scripts[]=jquery/jquery-ui-timepicker-addon.js&scripts[]=jquery/jquery.ba-hashchange-1.3.js&scripts[]=jquery/jquery.debounce-1.0.5.js&scripts[]=jquery/jquery.menuResizer-1.0.js&scripts[]=rte.js&scripts[]=functions.js&scripts[]=navigation.js&scripts[]=indexes.js&scripts[]=common.js&scripts[]=tbl_change.js&scripts[]=tbl_structure.js&scripts[]=gis_data_editor.js&scripts[]=makegrid.js&scripts[]=sql.js&scripts[]=codemirror/lib/codemirror.js&scripts[]=codemirror/mode/mysql/mysql.js HTTP/1.1" 200 635864
::1 - - [24/Jan/2015:16:56:45 +0100] "GET /phpmyadmin/themes/pmahomme/img/arrow_ltr.png HTTP/1.1" 304 -
::1 - - [24/Jan/2015:16:56:45 +0100] "GET /phpmyadmin/phpmyadmin.css.php?server=1&token=8beaf98c76305ffd0a16a23d6afd9a85&nocache=5678423726ltr HTTP/1.1" 200 88608
::1 - - [24/Jan/2015:16:56:45 +0100] "GET /phpmyadmin/js/get_image.js.php?theme=pmahomme HTTP/1.1" 200 6263
::1 - - [24/Jan/2015:16:56:45 +0100] "GET /phpmyadmin/js/messages.php?lang=nl&db=javaeindwerkdb&server=0&token=8beaf98c76305ffd0a16a23d6afd9a85 HTTP/1.1" 200 18194
::1 - - [24/Jan/2015:16:56:46 +0100] "GET /phpmyadmin/sql.php?db=javaeindwerkdb&table=product&server=1&target=&token=8beaf98c76305ffd0a16a23d6afd9a85 HTTP/1.1" 200 37903
::1 - - [24/Jan/2015:16:56:46 +0100] "GET /phpmyadmin/index.php?ajax_request=1&recent_table=1&token=8beaf98c76305ffd0a16a23d6afd9a85 HTTP/1.1" 200 647
