2014-12-17 15:00:26 7976 [Note] Plugin 'FEDERATED' is disabled.
2014-12-17 15:00:26 7976 [Note] InnoDB: The InnoDB memory heap is disabled
2014-12-17 15:00:26 7976 [Note] InnoDB: Mutexes and rw_locks use Windows interlocked functions
2014-12-17 15:00:26 7976 [Note] InnoDB: Compressed tables use zlib 1.2.3
2014-12-17 15:00:26 7976 [Note] InnoDB: Not using CPU crc32 instructions
2014-12-17 15:00:26 7976 [Note] InnoDB: Initializing buffer pool, size = 128.0M
2014-12-17 15:00:26 7976 [Note] InnoDB: Completed initialization of buffer pool
2014-12-17 15:00:26 7976 [Note] InnoDB: Setting log file C:\Users\Jo\Documents\MijnLibrary\USBWebserver v8.6\mysql\data\ib_logfile101 size to 5 MB
2014-12-17 15:00:28 7976 [Note] InnoDB: Setting log file C:\Users\Jo\Documents\MijnLibrary\USBWebserver v8.6\mysql\data\ib_logfile1 size to 5 MB
2014-12-17 15:00:29 7976 [Note] InnoDB: Renaming log file C:\Users\Jo\Documents\MijnLibrary\USBWebserver v8.6\mysql\data\ib_logfile101 to C:\Users\Jo\Documents\MijnLibrary\USBWebserver v8.6\mysql\data\ib_logfile0
2014-12-17 15:00:29 7976 [Warning] InnoDB: New log files created, LSN=1626134
2014-12-17 15:00:29 7976 [Note] InnoDB: Highest supported file format is Barracuda.
2014-12-17 15:00:34 7976 [Note] InnoDB: 128 rollback segment(s) are active.
2014-12-17 15:00:34 7976 [Note] InnoDB: Waiting for purge to start
2014-12-17 15:00:35 7976 [Note] InnoDB: 5.6.13 started; log sequence number 1626636
2014-12-17 15:00:35 7976 [Warning] No existing UUID has been found, so we assume that this is the first time that this server has been started. Generating a new UUID: 126c7130-85f5-11e4-b1b4-a4db30840507.
2014-12-17 15:00:35 7976 [Note] Server hostname (bind-address): '*'; port: 3307
2014-12-17 15:00:35 7976 [Note] IPv6 is available.
2014-12-17 15:00:35 7976 [Note]   - '::' resolves to '::';
2014-12-17 15:00:35 7976 [Note] Server socket created on IP: '::'.
2015-01-05 13:40:32 6012 [Note] Plugin 'FEDERATED' is disabled.
2015-01-05 13:40:32 6012 [Note] InnoDB: The InnoDB memory heap is disabled
2015-01-05 13:40:32 6012 [Note] InnoDB: Mutexes and rw_locks use Windows interlocked functions
2015-01-05 13:40:32 6012 [Note] InnoDB: Compressed tables use zlib 1.2.3
2015-01-05 13:40:32 6012 [Note] InnoDB: Not using CPU crc32 instructions
2015-01-05 13:40:33 6012 [Note] InnoDB: Initializing buffer pool, size = 128.0M
2015-01-05 13:40:33 6012 [Note] InnoDB: Completed initialization of buffer pool
2015-01-05 13:40:33 6012 [Note] InnoDB: Highest supported file format is Barracuda.
2015-01-05 13:40:33 6012 [Note] InnoDB: The log sequence numbers 1626134 and 1626134 in ibdata files do not match the log sequence number 1626646 in the ib_logfiles!
2015-01-05 13:40:33 6012 [Note] InnoDB: Database was not shutdown normally!
2015-01-05 13:40:33 6012 [Note] InnoDB: Starting crash recovery.
2015-01-05 13:40:33 6012 [Note] InnoDB: Reading tablespace information from the .ibd files...
2015-01-05 13:40:34 6012 [Note] InnoDB: Restoring possible half-written data pages 
2015-01-05 13:40:34 6012 [Note] InnoDB: from the doublewrite buffer...
2015-01-05 13:40:36 6012 [Note] InnoDB: 128 rollback segment(s) are active.
2015-01-05 13:40:36 6012 [Note] InnoDB: Waiting for purge to start
2015-01-05 13:40:36 6012 [Note] InnoDB: 5.6.13 started; log sequence number 1626646
2015-01-05 13:40:36 6012 [Note] Server hostname (bind-address): '*'; port: 3307
2015-01-05 13:40:36 6012 [Note] IPv6 is available.
2015-01-05 13:40:36 6012 [Note]   - '::' resolves to '::';
2015-01-05 13:40:36 6012 [Note] Server socket created on IP: '::'.
2015-01-15 14:11:11 7232 [Note] Plugin 'FEDERATED' is disabled.
2015-01-15 14:11:12 7232 [Note] InnoDB: The InnoDB memory heap is disabled
2015-01-15 14:11:12 7232 [Note] InnoDB: Mutexes and rw_locks use Windows interlocked functions
2015-01-15 14:11:12 7232 [Note] InnoDB: Compressed tables use zlib 1.2.3
2015-01-15 14:11:12 7232 [Note] InnoDB: Not using CPU crc32 instructions
2015-01-15 14:11:12 7232 [Note] InnoDB: Initializing buffer pool, size = 128.0M
2015-01-15 14:11:12 7232 [Note] InnoDB: Completed initialization of buffer pool
2015-01-15 14:11:12 7232 [Note] InnoDB: Highest supported file format is Barracuda.
2015-01-15 14:11:12 7232 [Note] InnoDB: The log sequence numbers 1626134 and 1626134 in ibdata files do not match the log sequence number 1750262 in the ib_logfiles!
2015-01-15 14:11:12 7232 [Note] InnoDB: Database was not shutdown normally!
2015-01-15 14:11:12 7232 [Note] InnoDB: Starting crash recovery.
2015-01-15 14:11:12 7232 [Note] InnoDB: Reading tablespace information from the .ibd files...
2015-01-15 14:11:14 7232 [Note] InnoDB: Restoring possible half-written data pages 
2015-01-15 14:11:14 7232 [Note] InnoDB: from the doublewrite buffer...
2015-01-15 14:11:20 7232 [Note] InnoDB: 128 rollback segment(s) are active.
2015-01-15 14:11:20 7232 [Note] InnoDB: Waiting for purge to start
2015-01-15 14:11:20 7232 [Note] InnoDB: 5.6.13 started; log sequence number 1750262
2015-01-15 14:11:20 7232 [Note] Server hostname (bind-address): '*'; port: 3307
2015-01-15 14:11:20 7232 [Note] IPv6 is available.
2015-01-15 14:11:20 7232 [Note]   - '::' resolves to '::';
2015-01-15 14:11:20 7232 [Note] Server socket created on IP: '::'.
2015-01-16 12:14:56 4400 [Note] Plugin 'FEDERATED' is disabled.
2015-01-16 12:14:56 4400 [Note] InnoDB: The InnoDB memory heap is disabled
2015-01-16 12:14:56 4400 [Note] InnoDB: Mutexes and rw_locks use Windows interlocked functions
2015-01-16 12:14:56 4400 [Note] InnoDB: Compressed tables use zlib 1.2.3
2015-01-16 12:14:56 4400 [Note] InnoDB: Not using CPU crc32 instructions
2015-01-16 12:14:56 4400 [Note] InnoDB: Initializing buffer pool, size = 128.0M
2015-01-16 12:14:56 4400 [Note] InnoDB: Completed initialization of buffer pool
2015-01-16 12:14:57 4400 [Note] InnoDB: Highest supported file format is Barracuda.
2015-01-16 12:14:57 4400 [Note] InnoDB: The log sequence numbers 1626134 and 1626134 in ibdata files do not match the log sequence number 1791973 in the ib_logfiles!
2015-01-16 12:14:57 4400 [Note] InnoDB: Database was not shutdown normally!
2015-01-16 12:14:57 4400 [Note] InnoDB: Starting crash recovery.
2015-01-16 12:14:57 4400 [Note] InnoDB: Reading tablespace information from the .ibd files...
2015-01-16 12:14:57 4400 [Note] InnoDB: Restoring possible half-written data pages 
2015-01-16 12:14:57 4400 [Note] InnoDB: from the doublewrite buffer...
2015-01-16 12:14:59 4400 [Note] InnoDB: 128 rollback segment(s) are active.
2015-01-16 12:14:59 4400 [Note] InnoDB: Waiting for purge to start
2015-01-16 12:14:59 4400 [Note] InnoDB: 5.6.13 started; log sequence number 1791973
2015-01-16 12:14:59 4400 [Note] Server hostname (bind-address): '*'; port: 3307
2015-01-16 12:14:59 4400 [Note] IPv6 is available.
2015-01-16 12:14:59 4400 [Note]   - '::' resolves to '::';
2015-01-16 12:14:59 4400 [Note] Server socket created on IP: '::'.
2015-01-16 12:36:28 6184 [Note] Plugin 'FEDERATED' is disabled.
2015-01-16 12:36:28 6184 [Note] InnoDB: The InnoDB memory heap is disabled
2015-01-16 12:36:28 6184 [Note] InnoDB: Mutexes and rw_locks use Windows interlocked functions
2015-01-16 12:36:28 6184 [Note] InnoDB: Compressed tables use zlib 1.2.3
2015-01-16 12:36:28 6184 [Note] InnoDB: Not using CPU crc32 instructions
2015-01-16 12:36:28 6184 [Note] InnoDB: Initializing buffer pool, size = 128.0M
2015-01-16 12:36:28 6184 [Note] InnoDB: Completed initialization of buffer pool
2015-01-16 12:36:28 6184 [Note] InnoDB: Highest supported file format is Barracuda.
2015-01-16 12:36:28 6184 [Note] InnoDB: The log sequence numbers 1626134 and 1626134 in ibdata files do not match the log sequence number 1791983 in the ib_logfiles!
2015-01-16 12:36:28 6184 [Note] InnoDB: Database was not shutdown normally!
2015-01-16 12:36:28 6184 [Note] InnoDB: Starting crash recovery.
2015-01-16 12:36:28 6184 [Note] InnoDB: Reading tablespace information from the .ibd files...
2015-01-16 12:36:28 6184 [Note] InnoDB: Restoring possible half-written data pages 
2015-01-16 12:36:28 6184 [Note] InnoDB: from the doublewrite buffer...
2015-01-16 12:36:29 6184 [Note] InnoDB: 128 rollback segment(s) are active.
2015-01-16 12:36:29 6184 [Note] InnoDB: Waiting for purge to start
2015-01-16 12:36:29 6184 [Note] InnoDB: 5.6.13 started; log sequence number 1791983
2015-01-16 12:36:29 6184 [Note] Server hostname (bind-address): '*'; port: 3307
2015-01-16 12:36:29 6184 [Note] IPv6 is available.
2015-01-16 12:36:29 6184 [Note]   - '::' resolves to '::';
2015-01-16 12:36:29 6184 [Note] Server socket created on IP: '::'.
2015-01-16 12:37:16 10032 [Note] Plugin 'FEDERATED' is disabled.
2015-01-16 12:37:16 10032 [Note] InnoDB: The InnoDB memory heap is disabled
2015-01-16 12:37:16 10032 [Note] InnoDB: Mutexes and rw_locks use Windows interlocked functions
2015-01-16 12:37:16 10032 [Note] InnoDB: Compressed tables use zlib 1.2.3
2015-01-16 12:37:16 10032 [Note] InnoDB: Not using CPU crc32 instructions
2015-01-16 12:37:16 10032 [Note] InnoDB: Initializing buffer pool, size = 128.0M
2015-01-16 12:37:16 10032 [Note] InnoDB: Completed initialization of buffer pool
2015-01-16 12:37:16 10032 [Note] InnoDB: Highest supported file format is Barracuda.
2015-01-16 12:37:16 10032 [Note] InnoDB: The log sequence numbers 1626134 and 1626134 in ibdata files do not match the log sequence number 1791993 in the ib_logfiles!
2015-01-16 12:37:16 10032 [Note] InnoDB: Database was not shutdown normally!
2015-01-16 12:37:16 10032 [Note] InnoDB: Starting crash recovery.
2015-01-16 12:37:16 10032 [Note] InnoDB: Reading tablespace information from the .ibd files...
2015-01-16 12:37:17 10032 [Note] InnoDB: Restoring possible half-written data pages 
2015-01-16 12:37:17 10032 [Note] InnoDB: from the doublewrite buffer...
2015-01-16 12:37:18 10032 [Note] InnoDB: 128 rollback segment(s) are active.
2015-01-16 12:37:18 10032 [Note] InnoDB: Waiting for purge to start
2015-01-16 12:37:18 10032 [Note] InnoDB: 5.6.13 started; log sequence number 1791993
2015-01-16 12:37:18 10032 [Note] Server hostname (bind-address): '*'; port: 3307
2015-01-16 12:37:18 10032 [Note] IPv6 is available.
2015-01-16 12:37:18 10032 [Note]   - '::' resolves to '::';
2015-01-16 12:37:18 10032 [Note] Server socket created on IP: '::'.
2015-01-16 12:37:19 992 [Note] Plugin 'FEDERATED' is disabled.
2015-01-16 12:37:19 992 [Note] InnoDB: The InnoDB memory heap is disabled
2015-01-16 12:37:19 992 [Note] InnoDB: Mutexes and rw_locks use Windows interlocked functions
2015-01-16 12:37:19 992 [Note] InnoDB: Compressed tables use zlib 1.2.3
2015-01-16 12:37:19 992 [Note] InnoDB: Not using CPU crc32 instructions
2015-01-16 12:37:19 992 [Note] InnoDB: Initializing buffer pool, size = 128.0M
2015-01-16 12:37:19 992 [Note] InnoDB: Completed initialization of buffer pool
2015-01-16 12:37:19 992 [ERROR] InnoDB: C:\Users\Jo\Documents\MijnLibrary\USBWebserver v8.6\mysql\data\ibdata1 can't be opened in read-write mode
2015-01-16 12:37:19 992 [ERROR] InnoDB: The system tablespace must be writable!
2015-01-16 12:37:19 992 [ERROR] Plugin 'InnoDB' init function returned error.
2015-01-16 12:37:19 992 [ERROR] Plugin 'InnoDB' registration as a STORAGE ENGINE failed.
2015-01-16 12:37:19 992 [ERROR] Unknown/unsupported storage engine: InnoDB
2015-01-16 12:37:19 992 [ERROR] Aborting

2015-01-16 12:37:19 992 [Note] Binlog end
2015-01-16 12:37:19 992 [Note] Shutting down plugin 'partition'
2015-01-16 12:37:19 992 [Note] Shutting down plugin 'PERFORMANCE_SCHEMA'
2015-01-16 12:37:19 992 [Note] Shutting down plugin 'INNODB_SYS_DATAFILES'
2015-01-16 12:37:19 992 [Note] Shutting down plugin 'INNODB_SYS_TABLESPACES'
2015-01-16 12:37:19 992 [Note] Shutting down plugin 'INNODB_SYS_FOREIGN_COLS'
2015-01-16 12:37:19 992 [Note] Shutting down plugin 'INNODB_SYS_FOREIGN'
2015-01-16 12:37:19 992 [Note] Shutting down plugin 'INNODB_SYS_FIELDS'
2015-01-16 12:37:19 992 [Note] Shutting down plugin 'INNODB_SYS_COLUMNS'
2015-01-16 12:37:19 992 [Note] Shutting down plugin 'INNODB_SYS_INDEXES'
2015-01-16 12:37:19 992 [Note] Shutting down plugin 'INNODB_SYS_TABLESTATS'
2015-01-16 12:37:19 992 [Note] Shutting down plugin 'INNODB_SYS_TABLES'
2015-01-16 12:37:19 992 [Note] Shutting down plugin 'INNODB_FT_INDEX_TABLE'
2015-01-16 12:37:19 992 [Note] Shutting down plugin 'INNODB_FT_INDEX_CACHE'
2015-01-16 12:37:19 992 [Note] Shutting down plugin 'INNODB_FT_CONFIG'
2015-01-16 12:37:19 992 [Note] Shutting down plugin 'INNODB_FT_BEING_DELETED'
2015-01-16 12:37:19 992 [Note] Shutting down plugin 'INNODB_FT_DELETED'
2015-01-16 12:37:19 992 [Note] Shutting down plugin 'INNODB_FT_DEFAULT_STOPWORD'
2015-01-16 12:37:19 992 [Note] Shutting down plugin 'INNODB_METRICS'
2015-01-16 12:37:19 992 [Note] Shutting down plugin 'INNODB_BUFFER_POOL_STATS'
2015-01-16 12:37:19 992 [Note] Shutting down plugin 'INNODB_BUFFER_PAGE_LRU'
2015-01-16 12:37:19 992 [Note] Shutting down plugin 'INNODB_BUFFER_PAGE'
2015-01-16 12:37:19 992 [Note] Shutting down plugin 'INNODB_CMP_PER_INDEX_RESET'
2015-01-16 12:37:19 992 [Note] Shutting down plugin 'INNODB_CMP_PER_INDEX'
2015-01-16 12:37:19 992 [Note] Shutting down plugin 'INNODB_CMPMEM_RESET'
2015-01-16 12:37:19 992 [Note] Shutting down plugin 'INNODB_CMPMEM'
2015-01-16 12:37:19 992 [Note] Shutting down plugin 'INNODB_CMP_RESET'
2015-01-16 12:37:19 992 [Note] Shutting down plugin 'INNODB_CMP'
2015-01-16 12:37:19 992 [Note] Shutting down plugin 'INNODB_LOCK_WAITS'
2015-01-16 12:37:19 992 [Note] Shutting down plugin 'INNODB_LOCKS'
2015-01-16 12:37:19 992 [Note] Shutting down plugin 'INNODB_TRX'
2015-01-16 12:37:19 992 [Note] Shutting down plugin 'BLACKHOLE'
2015-01-16 12:37:19 992 [Note] Shutting down plugin 'ARCHIVE'
2015-01-16 12:37:19 992 [Note] Shutting down plugin 'MRG_MYISAM'
2015-01-16 12:37:19 992 [Note] Shutting down plugin 'MyISAM'
2015-01-16 12:37:19 992 [Note] Shutting down plugin 'MEMORY'
2015-01-16 12:37:19 992 [Note] Shutting down plugin 'CSV'
2015-01-16 12:37:19 992 [Note] Shutting down plugin 'sha256_password'
2015-01-16 12:37:19 992 [Note] Shutting down plugin 'mysql_old_password'
2015-01-16 12:37:19 992 [Note] Shutting down plugin 'mysql_native_password'
2015-01-16 12:37:19 992 [Note] Shutting down plugin 'binlog'
2015-01-16 12:37:19 992 [Note] C:\Users\Jo\Documents\MijnLibrary\USBWebserver v8.6/mysql/bin/mysqld_usbwv8.exe: Shutdown complete

2015-01-21 13:40:33 4948 [Note] Plugin 'FEDERATED' is disabled.
2015-01-21 13:40:34 4948 [Note] InnoDB: The InnoDB memory heap is disabled
2015-01-21 13:40:34 4948 [Note] InnoDB: Mutexes and rw_locks use Windows interlocked functions
2015-01-21 13:40:34 4948 [Note] InnoDB: Compressed tables use zlib 1.2.3
2015-01-21 13:40:34 4948 [Note] InnoDB: Not using CPU crc32 instructions
2015-01-21 13:40:34 4948 [Note] InnoDB: Initializing buffer pool, size = 128.0M
2015-01-21 13:40:34 4948 [Note] InnoDB: Completed initialization of buffer pool
2015-01-21 13:40:34 4948 [Note] InnoDB: Highest supported file format is Barracuda.
2015-01-21 13:40:35 4948 [Note] InnoDB: The log sequence numbers 1626134 and 1626134 in ibdata files do not match the log sequence number 1792019 in the ib_logfiles!
2015-01-21 13:40:35 4948 [Note] InnoDB: Database was not shutdown normally!
2015-01-21 13:40:35 4948 [Note] InnoDB: Starting crash recovery.
2015-01-21 13:40:35 4948 [Note] InnoDB: Reading tablespace information from the .ibd files...
2015-01-21 13:40:36 4948 [Note] InnoDB: Restoring possible half-written data pages 
2015-01-21 13:40:36 4948 [Note] InnoDB: from the doublewrite buffer...
2015-01-21 13:40:43 4948 [Note] InnoDB: 128 rollback segment(s) are active.
2015-01-21 13:40:43 4948 [Note] InnoDB: Waiting for purge to start
2015-01-21 13:40:43 4948 [Note] InnoDB: 5.6.13 started; log sequence number 1792019
2015-01-21 13:40:43 4948 [Note] Server hostname (bind-address): '*'; port: 3307
2015-01-21 13:40:43 4948 [Note] IPv6 is available.
2015-01-21 13:40:43 4948 [Note]   - '::' resolves to '::';
2015-01-21 13:40:43 4948 [Note] Server socket created on IP: '::'.
2015-01-21 13:45:19 2284 [Note] Plugin 'FEDERATED' is disabled.
2015-01-21 13:45:19 2284 [Note] InnoDB: The InnoDB memory heap is disabled
2015-01-21 13:45:19 2284 [Note] InnoDB: Mutexes and rw_locks use Windows interlocked functions
2015-01-21 13:45:19 2284 [Note] InnoDB: Compressed tables use zlib 1.2.3
2015-01-21 13:45:19 2284 [Note] InnoDB: Not using CPU crc32 instructions
2015-01-21 13:45:19 2284 [Note] InnoDB: Initializing buffer pool, size = 128.0M
2015-01-21 13:45:19 2284 [Note] InnoDB: Completed initialization of buffer pool
2015-01-21 13:45:19 2284 [Note] InnoDB: Highest supported file format is Barracuda.
2015-01-21 13:45:19 2284 [Note] InnoDB: The log sequence numbers 1626134 and 1626134 in ibdata files do not match the log sequence number 1792029 in the ib_logfiles!
2015-01-21 13:45:19 2284 [Note] InnoDB: Database was not shutdown normally!
2015-01-21 13:45:19 2284 [Note] InnoDB: Starting crash recovery.
2015-01-21 13:45:19 2284 [Note] InnoDB: Reading tablespace information from the .ibd files...
2015-01-21 13:45:20 2284 [Note] InnoDB: Restoring possible half-written data pages 
2015-01-21 13:45:20 2284 [Note] InnoDB: from the doublewrite buffer...
2015-01-21 13:45:21 2284 [Note] InnoDB: 128 rollback segment(s) are active.
2015-01-21 13:45:21 2284 [Note] InnoDB: Waiting for purge to start
2015-01-21 13:45:21 2284 [Note] InnoDB: 5.6.13 started; log sequence number 1792029
2015-01-21 13:45:21 2284 [Note] Server hostname (bind-address): '*'; port: 3307
2015-01-21 13:45:21 2284 [Note] IPv6 is available.
2015-01-21 13:45:21 2284 [Note]   - '::' resolves to '::';
2015-01-21 13:45:21 2284 [Note] Server socket created on IP: '::'.
2015-01-21 13:45:22 9980 [Note] Plugin 'FEDERATED' is disabled.
2015-01-21 13:45:22 9980 [Note] InnoDB: The InnoDB memory heap is disabled
2015-01-21 13:45:22 9980 [Note] InnoDB: Mutexes and rw_locks use Windows interlocked functions
2015-01-21 13:45:22 9980 [Note] InnoDB: Compressed tables use zlib 1.2.3
2015-01-21 13:45:22 9980 [Note] InnoDB: Not using CPU crc32 instructions
2015-01-21 13:45:22 9980 [Note] InnoDB: Initializing buffer pool, size = 128.0M
2015-01-21 13:45:22 9980 [Note] InnoDB: Completed initialization of buffer pool
2015-01-21 13:45:22 9980 [ERROR] InnoDB: C:\Users\Jo\Documents\MijnLibrary\USBWebserver v8.6\mysql\data\ibdata1 can't be opened in read-write mode
2015-01-21 13:45:22 9980 [ERROR] InnoDB: The system tablespace must be writable!
2015-01-21 13:45:22 9980 [ERROR] Plugin 'InnoDB' init function returned error.
2015-01-21 13:45:22 9980 [ERROR] Plugin 'InnoDB' registration as a STORAGE ENGINE failed.
2015-01-21 13:45:22 9980 [ERROR] Unknown/unsupported storage engine: InnoDB
2015-01-21 13:45:22 9980 [ERROR] Aborting

2015-01-21 13:45:22 9980 [Note] Binlog end
2015-01-21 13:45:22 9980 [Note] Shutting down plugin 'partition'
2015-01-21 13:45:22 9980 [Note] Shutting down plugin 'PERFORMANCE_SCHEMA'
2015-01-21 13:45:22 9980 [Note] Shutting down plugin 'INNODB_SYS_DATAFILES'
2015-01-21 13:45:22 9980 [Note] Shutting down plugin 'INNODB_SYS_TABLESPACES'
2015-01-21 13:45:22 9980 [Note] Shutting down plugin 'INNODB_SYS_FOREIGN_COLS'
2015-01-21 13:45:22 9980 [Note] Shutting down plugin 'INNODB_SYS_FOREIGN'
2015-01-21 13:45:22 9980 [Note] Shutting down plugin 'INNODB_SYS_FIELDS'
2015-01-21 13:45:22 9980 [Note] Shutting down plugin 'INNODB_SYS_COLUMNS'
2015-01-21 13:45:22 9980 [Note] Shutting down plugin 'INNODB_SYS_INDEXES'
2015-01-21 13:45:22 9980 [Note] Shutting down plugin 'INNODB_SYS_TABLESTATS'
2015-01-21 13:45:22 9980 [Note] Shutting down plugin 'INNODB_SYS_TABLES'
2015-01-21 13:45:22 9980 [Note] Shutting down plugin 'INNODB_FT_INDEX_TABLE'
2015-01-21 13:45:22 9980 [Note] Shutting down plugin 'INNODB_FT_INDEX_CACHE'
2015-01-21 13:45:22 9980 [Note] Shutting down plugin 'INNODB_FT_CONFIG'
2015-01-21 13:45:22 9980 [Note] Shutting down plugin 'INNODB_FT_BEING_DELETED'
2015-01-21 13:45:22 9980 [Note] Shutting down plugin 'INNODB_FT_DELETED'
2015-01-21 13:45:22 9980 [Note] Shutting down plugin 'INNODB_FT_DEFAULT_STOPWORD'
2015-01-21 13:45:22 9980 [Note] Shutting down plugin 'INNODB_METRICS'
2015-01-21 13:45:22 9980 [Note] Shutting down plugin 'INNODB_BUFFER_POOL_STATS'
2015-01-21 13:45:22 9980 [Note] Shutting down plugin 'INNODB_BUFFER_PAGE_LRU'
2015-01-21 13:45:22 9980 [Note] Shutting down plugin 'INNODB_BUFFER_PAGE'
2015-01-21 13:45:22 9980 [Note] Shutting down plugin 'INNODB_CMP_PER_INDEX_RESET'
2015-01-21 13:45:22 9980 [Note] Shutting down plugin 'INNODB_CMP_PER_INDEX'
2015-01-21 13:45:22 9980 [Note] Shutting down plugin 'INNODB_CMPMEM_RESET'
2015-01-21 13:45:22 9980 [Note] Shutting down plugin 'INNODB_CMPMEM'
2015-01-21 13:45:22 9980 [Note] Shutting down plugin 'INNODB_CMP_RESET'
2015-01-21 13:45:22 9980 [Note] Shutting down plugin 'INNODB_CMP'
2015-01-21 13:45:22 9980 [Note] Shutting down plugin 'INNODB_LOCK_WAITS'
2015-01-21 13:45:22 9980 [Note] Shutting down plugin 'INNODB_LOCKS'
2015-01-21 13:45:22 9980 [Note] Shutting down plugin 'INNODB_TRX'
2015-01-21 13:45:22 9980 [Note] Shutting down plugin 'BLACKHOLE'
2015-01-21 13:45:22 9980 [Note] Shutting down plugin 'ARCHIVE'
2015-01-21 13:45:22 9980 [Note] Shutting down plugin 'MRG_MYISAM'
2015-01-21 13:45:22 9980 [Note] Shutting down plugin 'MyISAM'
2015-01-21 13:45:22 9980 [Note] Shutting down plugin 'MEMORY'
2015-01-21 13:45:22 9980 [Note] Shutting down plugin 'CSV'
2015-01-21 13:45:22 9980 [Note] Shutting down plugin 'sha256_password'
2015-01-21 13:45:22 9980 [Note] Shutting down plugin 'mysql_old_password'
2015-01-21 13:45:22 9980 [Note] Shutting down plugin 'mysql_native_password'
2015-01-21 13:45:22 9980 [Note] Shutting down plugin 'binlog'
2015-01-21 13:45:22 9980 [Note] C:\Users\Jo\Documents\MijnLibrary\USBWebserver v8.6/mysql/bin/mysqld_usbwv8.exe: Shutdown complete

2015-01-21 14:04:57 11100 [Note] Plugin 'FEDERATED' is disabled.
2015-01-21 14:04:57 11100 [Note] InnoDB: The InnoDB memory heap is disabled
2015-01-21 14:04:57 11100 [Note] InnoDB: Mutexes and rw_locks use Windows interlocked functions
2015-01-21 14:04:57 11100 [Note] InnoDB: Compressed tables use zlib 1.2.3
2015-01-21 14:04:57 11100 [Note] InnoDB: Not using CPU crc32 instructions
2015-01-21 14:04:57 11100 [Note] InnoDB: Initializing buffer pool, size = 128.0M
2015-01-21 14:04:57 11100 [Note] InnoDB: Completed initialization of buffer pool
2015-01-21 14:04:57 11100 [Note] InnoDB: Highest supported file format is Barracuda.
2015-01-21 14:04:57 11100 [Note] InnoDB: The log sequence numbers 1626134 and 1626134 in ibdata files do not match the log sequence number 1792039 in the ib_logfiles!
2015-01-21 14:04:57 11100 [Note] InnoDB: Database was not shutdown normally!
2015-01-21 14:04:57 11100 [Note] InnoDB: Starting crash recovery.
2015-01-21 14:04:57 11100 [Note] InnoDB: Reading tablespace information from the .ibd files...
2015-01-21 14:04:57 11100 [Note] InnoDB: Restoring possible half-written data pages 
2015-01-21 14:04:57 11100 [Note] InnoDB: from the doublewrite buffer...
2015-01-21 14:04:58 11100 [Note] InnoDB: 128 rollback segment(s) are active.
2015-01-21 14:04:58 11100 [Note] InnoDB: Waiting for purge to start
2015-01-21 14:04:58 11100 [Note] InnoDB: 5.6.13 started; log sequence number 1792039
2015-01-21 14:04:58 11100 [Note] Server hostname (bind-address): '*'; port: 3307
2015-01-21 14:04:58 11100 [Note] IPv6 is available.
2015-01-21 14:04:58 11100 [Note]   - '::' resolves to '::';
2015-01-21 14:04:58 11100 [Note] Server socket created on IP: '::'.
2015-01-21 14:05:07 7908 [Note] Plugin 'FEDERATED' is disabled.
2015-01-21 14:05:07 7908 [Note] InnoDB: The InnoDB memory heap is disabled
2015-01-21 14:05:07 7908 [Note] InnoDB: Mutexes and rw_locks use Windows interlocked functions
2015-01-21 14:05:07 7908 [Note] InnoDB: Compressed tables use zlib 1.2.3
2015-01-21 14:05:07 7908 [Note] InnoDB: Not using CPU crc32 instructions
2015-01-21 14:05:07 7908 [Note] InnoDB: Initializing buffer pool, size = 128.0M
2015-01-21 14:05:07 7908 [Note] InnoDB: Completed initialization of buffer pool
2015-01-21 14:05:07 7908 [ERROR] InnoDB: C:\Users\Jo\Documents\MijnLibrary\USBWebserver v8.6\mysql\data\ibdata1 can't be opened in read-write mode
2015-01-21 14:05:07 7908 [ERROR] InnoDB: The system tablespace must be writable!
2015-01-21 14:05:07 7908 [ERROR] Plugin 'InnoDB' init function returned error.
2015-01-21 14:05:07 7908 [ERROR] Plugin 'InnoDB' registration as a STORAGE ENGINE failed.
2015-01-21 14:05:07 7908 [ERROR] Unknown/unsupported storage engine: InnoDB
2015-01-21 14:05:07 7908 [ERROR] Aborting

2015-01-21 14:05:07 7908 [Note] Binlog end
2015-01-21 14:05:07 7908 [Note] Shutting down plugin 'partition'
2015-01-21 14:05:07 7908 [Note] Shutting down plugin 'PERFORMANCE_SCHEMA'
2015-01-21 14:05:07 7908 [Note] Shutting down plugin 'INNODB_SYS_DATAFILES'
2015-01-21 14:05:07 7908 [Note] Shutting down plugin 'INNODB_SYS_TABLESPACES'
2015-01-21 14:05:07 7908 [Note] Shutting down plugin 'INNODB_SYS_FOREIGN_COLS'
2015-01-21 14:05:07 7908 [Note] Shutting down plugin 'INNODB_SYS_FOREIGN'
2015-01-21 14:05:07 7908 [Note] Shutting down plugin 'INNODB_SYS_FIELDS'
2015-01-21 14:05:07 7908 [Note] Shutting down plugin 'INNODB_SYS_COLUMNS'
2015-01-21 14:05:07 7908 [Note] Shutting down plugin 'INNODB_SYS_INDEXES'
2015-01-21 14:05:07 7908 [Note] Shutting down plugin 'INNODB_SYS_TABLESTATS'
2015-01-21 14:05:07 7908 [Note] Shutting down plugin 'INNODB_SYS_TABLES'
2015-01-21 14:05:07 7908 [Note] Shutting down plugin 'INNODB_FT_INDEX_TABLE'
2015-01-21 14:05:07 7908 [Note] Shutting down plugin 'INNODB_FT_INDEX_CACHE'
2015-01-21 14:05:07 7908 [Note] Shutting down plugin 'INNODB_FT_CONFIG'
2015-01-21 14:05:07 7908 [Note] Shutting down plugin 'INNODB_FT_BEING_DELETED'
2015-01-21 14:05:07 7908 [Note] Shutting down plugin 'INNODB_FT_DELETED'
2015-01-21 14:05:07 7908 [Note] Shutting down plugin 'INNODB_FT_DEFAULT_STOPWORD'
2015-01-21 14:05:07 7908 [Note] Shutting down plugin 'INNODB_METRICS'
2015-01-21 14:05:07 7908 [Note] Shutting down plugin 'INNODB_BUFFER_POOL_STATS'
2015-01-21 14:05:07 7908 [Note] Shutting down plugin 'INNODB_BUFFER_PAGE_LRU'
2015-01-21 14:05:07 7908 [Note] Shutting down plugin 'INNODB_BUFFER_PAGE'
2015-01-21 14:05:07 7908 [Note] Shutting down plugin 'INNODB_CMP_PER_INDEX_RESET'
2015-01-21 14:05:07 7908 [Note] Shutting down plugin 'INNODB_CMP_PER_INDEX'
2015-01-21 14:05:07 7908 [Note] Shutting down plugin 'INNODB_CMPMEM_RESET'
2015-01-21 14:05:07 7908 [Note] Shutting down plugin 'INNODB_CMPMEM'
2015-01-21 14:05:07 7908 [Note] Shutting down plugin 'INNODB_CMP_RESET'
2015-01-21 14:05:07 7908 [Note] Shutting down plugin 'INNODB_CMP'
2015-01-21 14:05:07 7908 [Note] Shutting down plugin 'INNODB_LOCK_WAITS'
2015-01-21 14:05:07 7908 [Note] Shutting down plugin 'INNODB_LOCKS'
2015-01-21 14:05:07 7908 [Note] Shutting down plugin 'INNODB_TRX'
2015-01-21 14:05:07 7908 [Note] Shutting down plugin 'BLACKHOLE'
2015-01-21 14:05:07 7908 [Note] Shutting down plugin 'ARCHIVE'
2015-01-21 14:05:07 7908 [Note] Shutting down plugin 'MRG_MYISAM'
2015-01-21 14:05:07 7908 [Note] Shutting down plugin 'MyISAM'
2015-01-21 14:05:07 7908 [Note] Shutting down plugin 'MEMORY'
2015-01-21 14:05:07 7908 [Note] Shutting down plugin 'CSV'
2015-01-21 14:05:07 7908 [Note] Shutting down plugin 'sha256_password'
2015-01-21 14:05:07 7908 [Note] Shutting down plugin 'mysql_old_password'
2015-01-21 14:05:07 7908 [Note] Shutting down plugin 'mysql_native_password'
2015-01-21 14:05:07 7908 [Note] Shutting down plugin 'binlog'
2015-01-21 14:05:07 7908 [Note] C:\Users\Jo\Documents\MijnLibrary\USBWebserver v8.6/mysql/bin/mysqld_usbwv8.exe: Shutdown complete

2015-01-21 14:06:54 5736 [Note] Plugin 'FEDERATED' is disabled.
2015-01-21 14:06:54 5736 [Note] InnoDB: The InnoDB memory heap is disabled
2015-01-21 14:06:54 5736 [Note] InnoDB: Mutexes and rw_locks use Windows interlocked functions
2015-01-21 14:06:54 5736 [Note] InnoDB: Compressed tables use zlib 1.2.3
2015-01-21 14:06:54 5736 [Note] InnoDB: Not using CPU crc32 instructions
2015-01-21 14:06:54 5736 [Note] InnoDB: Initializing buffer pool, size = 128.0M
2015-01-21 14:06:54 5736 [Note] InnoDB: Completed initialization of buffer pool
2015-01-21 14:06:54 5736 [ERROR] InnoDB: C:\Users\Jo\Documents\MijnLibrary\USBWebserver v8.6\mysql\data\ibdata1 can't be opened in read-write mode
2015-01-21 14:06:54 5736 [ERROR] InnoDB: The system tablespace must be writable!
2015-01-21 14:06:54 5736 [ERROR] Plugin 'InnoDB' init function returned error.
2015-01-21 14:06:54 5736 [ERROR] Plugin 'InnoDB' registration as a STORAGE ENGINE failed.
2015-01-21 14:06:54 5736 [ERROR] Unknown/unsupported storage engine: InnoDB
2015-01-21 14:06:54 5736 [ERROR] Aborting

2015-01-21 14:06:54 5736 [Note] Binlog end
2015-01-21 14:06:54 5736 [Note] Shutting down plugin 'partition'
2015-01-21 14:06:54 5736 [Note] Shutting down plugin 'PERFORMANCE_SCHEMA'
2015-01-21 14:06:54 5736 [Note] Shutting down plugin 'INNODB_SYS_DATAFILES'
2015-01-21 14:06:54 5736 [Note] Shutting down plugin 'INNODB_SYS_TABLESPACES'
2015-01-21 14:06:54 5736 [Note] Shutting down plugin 'INNODB_SYS_FOREIGN_COLS'
2015-01-21 14:06:54 5736 [Note] Shutting down plugin 'INNODB_SYS_FOREIGN'
2015-01-21 14:06:54 5736 [Note] Shutting down plugin 'INNODB_SYS_FIELDS'
2015-01-21 14:06:54 5736 [Note] Shutting down plugin 'INNODB_SYS_COLUMNS'
2015-01-21 14:06:54 5736 [Note] Shutting down plugin 'INNODB_SYS_INDEXES'
2015-01-21 14:06:54 5736 [Note] Shutting down plugin 'INNODB_SYS_TABLESTATS'
2015-01-21 14:06:54 5736 [Note] Shutting down plugin 'INNODB_SYS_TABLES'
2015-01-21 14:06:54 5736 [Note] Shutting down plugin 'INNODB_FT_INDEX_TABLE'
2015-01-21 14:06:54 5736 [Note] Shutting down plugin 'INNODB_FT_INDEX_CACHE'
2015-01-21 14:06:54 5736 [Note] Shutting down plugin 'INNODB_FT_CONFIG'
2015-01-21 14:06:54 5736 [Note] Shutting down plugin 'INNODB_FT_BEING_DELETED'
2015-01-21 14:06:54 5736 [Note] Shutting down plugin 'INNODB_FT_DELETED'
2015-01-21 14:06:54 5736 [Note] Shutting down plugin 'INNODB_FT_DEFAULT_STOPWORD'
2015-01-21 14:06:54 5736 [Note] Shutting down plugin 'INNODB_METRICS'
2015-01-21 14:06:54 5736 [Note] Shutting down plugin 'INNODB_BUFFER_POOL_STATS'
2015-01-21 14:06:54 5736 [Note] Shutting down plugin 'INNODB_BUFFER_PAGE_LRU'
2015-01-21 14:06:54 5736 [Note] Shutting down plugin 'INNODB_BUFFER_PAGE'
2015-01-21 14:06:54 5736 [Note] Shutting down plugin 'INNODB_CMP_PER_INDEX_RESET'
2015-01-21 14:06:54 5736 [Note] Shutting down plugin 'INNODB_CMP_PER_INDEX'
2015-01-21 14:06:54 5736 [Note] Shutting down plugin 'INNODB_CMPMEM_RESET'
2015-01-21 14:06:54 5736 [Note] Shutting down plugin 'INNODB_CMPMEM'
2015-01-21 14:06:54 5736 [Note] Shutting down plugin 'INNODB_CMP_RESET'
2015-01-21 14:06:54 5736 [Note] Shutting down plugin 'INNODB_CMP'
2015-01-21 14:06:54 5736 [Note] Shutting down plugin 'INNODB_LOCK_WAITS'
2015-01-21 14:06:54 5736 [Note] Shutting down plugin 'INNODB_LOCKS'
2015-01-21 14:06:54 5736 [Note] Shutting down plugin 'INNODB_TRX'
2015-01-21 14:06:54 5736 [Note] Shutting down plugin 'BLACKHOLE'
2015-01-21 14:06:54 5736 [Note] Shutting down plugin 'ARCHIVE'
2015-01-21 14:06:54 5736 [Note] Shutting down plugin 'MRG_MYISAM'
2015-01-21 14:06:54 5736 [Note] Shutting down plugin 'MyISAM'
2015-01-21 14:06:54 5736 [Note] Shutting down plugin 'MEMORY'
2015-01-21 14:06:54 5736 [Note] Shutting down plugin 'CSV'
2015-01-21 14:06:54 5736 [Note] Shutting down plugin 'sha256_password'
2015-01-21 14:06:54 5736 [Note] Shutting down plugin 'mysql_old_password'
2015-01-21 14:06:54 5736 [Note] Shutting down plugin 'mysql_native_password'
2015-01-21 14:06:54 5736 [Note] Shutting down plugin 'binlog'
2015-01-21 14:06:54 5736 [Note] C:\Users\Jo\Documents\MijnLibrary\USBWebserver v8.6/mysql/bin/mysqld_usbwv8.exe: Shutdown complete

2015-01-21 14:31:43 10256 [Note] Plugin 'FEDERATED' is disabled.
2015-01-21 14:31:43 10256 [Note] InnoDB: The InnoDB memory heap is disabled
2015-01-21 14:31:43 10256 [Note] InnoDB: Mutexes and rw_locks use Windows interlocked functions
2015-01-21 14:31:43 10256 [Note] InnoDB: Compressed tables use zlib 1.2.3
2015-01-21 14:31:43 10256 [Note] InnoDB: Not using CPU crc32 instructions
2015-01-21 14:31:43 10256 [Note] InnoDB: Initializing buffer pool, size = 128.0M
2015-01-21 14:31:43 10256 [Note] InnoDB: Completed initialization of buffer pool
2015-01-21 14:31:43 10256 [Note] InnoDB: Highest supported file format is Barracuda.
2015-01-21 14:31:43 10256 [Note] InnoDB: The log sequence numbers 1626134 and 1626134 in ibdata files do not match the log sequence number 1792049 in the ib_logfiles!
2015-01-21 14:31:43 10256 [Note] InnoDB: Database was not shutdown normally!
2015-01-21 14:31:43 10256 [Note] InnoDB: Starting crash recovery.
2015-01-21 14:31:43 10256 [Note] InnoDB: Reading tablespace information from the .ibd files...
2015-01-21 14:31:44 10256 [Note] InnoDB: Restoring possible half-written data pages 
2015-01-21 14:31:44 10256 [Note] InnoDB: from the doublewrite buffer...
2015-01-21 14:31:45 10256 [Note] InnoDB: 128 rollback segment(s) are active.
2015-01-21 14:31:45 10256 [Note] InnoDB: Waiting for purge to start
2015-01-21 14:31:45 10256 [Note] InnoDB: 5.6.13 started; log sequence number 1792049
2015-01-21 14:31:45 10256 [Note] Server hostname (bind-address): '*'; port: 3307
2015-01-21 14:31:45 10256 [Note] IPv6 is available.
2015-01-21 14:31:45 10256 [Note]   - '::' resolves to '::';
2015-01-21 14:31:45 10256 [Note] Server socket created on IP: '::'.
2015-01-21 14:32:09 5764 [Note] Plugin 'FEDERATED' is disabled.
2015-01-21 14:32:09 5764 [Note] InnoDB: The InnoDB memory heap is disabled
2015-01-21 14:32:09 5764 [Note] InnoDB: Mutexes and rw_locks use Windows interlocked functions
2015-01-21 14:32:09 5764 [Note] InnoDB: Compressed tables use zlib 1.2.3
2015-01-21 14:32:09 5764 [Note] InnoDB: Not using CPU crc32 instructions
2015-01-21 14:32:09 5764 [Note] InnoDB: Initializing buffer pool, size = 128.0M
2015-01-21 14:32:09 5764 [Note] InnoDB: Completed initialization of buffer pool
2015-01-21 14:32:09 5764 [Note] InnoDB: Highest supported file format is Barracuda.
2015-01-21 14:32:09 5764 [Note] InnoDB: The log sequence numbers 1626134 and 1626134 in ibdata files do not match the log sequence number 1792059 in the ib_logfiles!
2015-01-21 14:32:09 5764 [Note] InnoDB: Database was not shutdown normally!
2015-01-21 14:32:09 5764 [Note] InnoDB: Starting crash recovery.
2015-01-21 14:32:09 5764 [Note] InnoDB: Reading tablespace information from the .ibd files...
2015-01-21 14:32:09 5764 [Note] InnoDB: Restoring possible half-written data pages 
2015-01-21 14:32:09 5764 [Note] InnoDB: from the doublewrite buffer...
2015-01-21 14:32:11 5764 [Note] InnoDB: 128 rollback segment(s) are active.
2015-01-21 14:32:11 5764 [Note] InnoDB: Waiting for purge to start
2015-01-21 14:32:11 5764 [Note] InnoDB: 5.6.13 started; log sequence number 1792059
2015-01-21 14:32:11 5764 [Note] Server hostname (bind-address): '*'; port: 3307
2015-01-21 14:32:11 5764 [Note] IPv6 is available.
2015-01-21 14:32:11 5764 [Note]   - '::' resolves to '::';
2015-01-21 14:32:11 5764 [Note] Server socket created on IP: '::'.
2015-01-21 14:32:20 4848 [Note] Plugin 'FEDERATED' is disabled.
2015-01-21 14:32:20 4848 [Note] InnoDB: The InnoDB memory heap is disabled
2015-01-21 14:32:20 4848 [Note] InnoDB: Mutexes and rw_locks use Windows interlocked functions
2015-01-21 14:32:20 4848 [Note] InnoDB: Compressed tables use zlib 1.2.3
2015-01-21 14:32:20 4848 [Note] InnoDB: Not using CPU crc32 instructions
2015-01-21 14:32:20 4848 [Note] InnoDB: Initializing buffer pool, size = 128.0M
2015-01-21 14:32:20 4848 [Note] InnoDB: Completed initialization of buffer pool
2015-01-21 14:32:20 4848 [Note] InnoDB: Highest supported file format is Barracuda.
2015-01-21 14:32:20 4848 [Note] InnoDB: The log sequence numbers 1626134 and 1626134 in ibdata files do not match the log sequence number 1792069 in the ib_logfiles!
2015-01-21 14:32:20 4848 [Note] InnoDB: Database was not shutdown normally!
2015-01-21 14:32:20 4848 [Note] InnoDB: Starting crash recovery.
2015-01-21 14:32:20 4848 [Note] InnoDB: Reading tablespace information from the .ibd files...
2015-01-21 14:32:20 4848 [Note] InnoDB: Restoring possible half-written data pages 
2015-01-21 14:32:20 4848 [Note] InnoDB: from the doublewrite buffer...
2015-01-21 14:32:21 4848 [Note] InnoDB: 128 rollback segment(s) are active.
2015-01-21 14:32:21 4848 [Note] InnoDB: Waiting for purge to start
2015-01-21 14:32:21 4848 [Note] InnoDB: 5.6.13 started; log sequence number 1792069
2015-01-21 14:32:21 4848 [Note] Server hostname (bind-address): '*'; port: 3307
2015-01-21 14:32:21 4848 [Note] IPv6 is available.
2015-01-21 14:32:21 4848 [Note]   - '::' resolves to '::';
2015-01-21 14:32:21 4848 [Note] Server socket created on IP: '::'.
2015-01-21 14:32:30 7128 [Note] Plugin 'FEDERATED' is disabled.
2015-01-21 14:32:30 7128 [Note] InnoDB: The InnoDB memory heap is disabled
2015-01-21 14:32:30 7128 [Note] InnoDB: Mutexes and rw_locks use Windows interlocked functions
2015-01-21 14:32:30 7128 [Note] InnoDB: Compressed tables use zlib 1.2.3
2015-01-21 14:32:30 7128 [Note] InnoDB: Not using CPU crc32 instructions
2015-01-21 14:32:30 7128 [Note] InnoDB: Initializing buffer pool, size = 128.0M
2015-01-21 14:32:30 7128 [Note] InnoDB: Completed initialization of buffer pool
2015-01-21 14:32:30 7128 [Note] InnoDB: Highest supported file format is Barracuda.
2015-01-21 14:32:30 7128 [Note] InnoDB: The log sequence numbers 1626134 and 1626134 in ibdata files do not match the log sequence number 1792079 in the ib_logfiles!
2015-01-21 14:32:30 7128 [Note] InnoDB: Database was not shutdown normally!
2015-01-21 14:32:30 7128 [Note] InnoDB: Starting crash recovery.
2015-01-21 14:32:30 7128 [Note] InnoDB: Reading tablespace information from the .ibd files...
2015-01-21 14:32:31 7128 [Note] InnoDB: Restoring possible half-written data pages 
2015-01-21 14:32:31 7128 [Note] InnoDB: from the doublewrite buffer...
2015-01-21 14:32:32 7128 [Note] InnoDB: 128 rollback segment(s) are active.
2015-01-21 14:32:32 7128 [Note] InnoDB: Waiting for purge to start
2015-01-21 14:32:32 7128 [Note] InnoDB: 5.6.13 started; log sequence number 1792079
2015-01-21 14:32:32 7128 [Note] Server hostname (bind-address): '*'; port: 3307
2015-01-21 14:32:32 7128 [Note] IPv6 is available.
2015-01-21 14:32:32 7128 [Note]   - '::' resolves to '::';
2015-01-21 14:32:32 7128 [Note] Server socket created on IP: '::'.
2015-01-22 11:47:13 7744 [Note] Plugin 'FEDERATED' is disabled.
2015-01-22 11:47:13 7744 [Note] InnoDB: The InnoDB memory heap is disabled
2015-01-22 11:47:13 7744 [Note] InnoDB: Mutexes and rw_locks use Windows interlocked functions
2015-01-22 11:47:13 7744 [Note] InnoDB: Compressed tables use zlib 1.2.3
2015-01-22 11:47:13 7744 [Note] InnoDB: Not using CPU crc32 instructions
2015-01-22 11:47:13 7744 [Note] InnoDB: Initializing buffer pool, size = 128.0M
2015-01-22 11:47:13 7744 [Note] InnoDB: Completed initialization of buffer pool
2015-01-22 11:47:14 7744 [Note] InnoDB: Highest supported file format is Barracuda.
2015-01-22 11:47:14 7744 [Note] InnoDB: The log sequence numbers 1626134 and 1626134 in ibdata files do not match the log sequence number 1792089 in the ib_logfiles!
2015-01-22 11:47:14 7744 [Note] InnoDB: Database was not shutdown normally!
2015-01-22 11:47:14 7744 [Note] InnoDB: Starting crash recovery.
2015-01-22 11:47:14 7744 [Note] InnoDB: Reading tablespace information from the .ibd files...
2015-01-22 11:47:14 7744 [Note] InnoDB: Restoring possible half-written data pages 
2015-01-22 11:47:14 7744 [Note] InnoDB: from the doublewrite buffer...
2015-01-22 11:47:15 7744 [Note] InnoDB: 128 rollback segment(s) are active.
2015-01-22 11:47:15 7744 [Note] InnoDB: Waiting for purge to start
2015-01-22 11:47:15 7744 [Note] InnoDB: 5.6.13 started; log sequence number 1792089
2015-01-22 11:47:15 7744 [Note] Server hostname (bind-address): '*'; port: 3307
2015-01-22 11:47:15 7744 [Note] IPv6 is available.
2015-01-22 11:47:15 7744 [Note]   - '::' resolves to '::';
2015-01-22 11:47:15 7744 [Note] Server socket created on IP: '::'.
2015-01-22 11:49:23 6356 [Note] Plugin 'FEDERATED' is disabled.
2015-01-22 11:49:23 6356 [Note] InnoDB: The InnoDB memory heap is disabled
2015-01-22 11:49:23 6356 [Note] InnoDB: Mutexes and rw_locks use Windows interlocked functions
2015-01-22 11:49:23 6356 [Note] InnoDB: Compressed tables use zlib 1.2.3
2015-01-22 11:49:23 6356 [Note] InnoDB: Not using CPU crc32 instructions
2015-01-22 11:49:23 6356 [Note] InnoDB: Initializing buffer pool, size = 128.0M
2015-01-22 11:49:23 6356 [Note] InnoDB: Completed initialization of buffer pool
2015-01-22 11:49:23 6356 [Note] InnoDB: Highest supported file format is Barracuda.
2015-01-22 11:49:23 6356 [Note] InnoDB: The log sequence numbers 1626134 and 1626134 in ibdata files do not match the log sequence number 1792099 in the ib_logfiles!
2015-01-22 11:49:23 6356 [Note] InnoDB: Database was not shutdown normally!
2015-01-22 11:49:23 6356 [Note] InnoDB: Starting crash recovery.
2015-01-22 11:49:23 6356 [Note] InnoDB: Reading tablespace information from the .ibd files...
2015-01-22 11:49:24 6356 [Note] InnoDB: Restoring possible half-written data pages 
2015-01-22 11:49:24 6356 [Note] InnoDB: from the doublewrite buffer...
2015-01-22 11:49:25 6356 [Note] InnoDB: 128 rollback segment(s) are active.
2015-01-22 11:49:26 6356 [Note] InnoDB: Waiting for purge to start
2015-01-22 11:49:26 6356 [Note] InnoDB: 5.6.13 started; log sequence number 1792099
2015-01-22 11:49:26 6356 [Note] Server hostname (bind-address): '*'; port: 3307
2015-01-22 11:49:26 6356 [Note] IPv6 is available.
2015-01-22 11:49:26 6356 [Note]   - '::' resolves to '::';
2015-01-22 11:49:26 6356 [Note] Server socket created on IP: '::'.
2015-01-22 18:49:18 7996 [Note] Plugin 'FEDERATED' is disabled.
2015-01-22 18:49:18 7996 [Note] InnoDB: The InnoDB memory heap is disabled
2015-01-22 18:49:18 7996 [Note] InnoDB: Mutexes and rw_locks use Windows interlocked functions
2015-01-22 18:49:18 7996 [Note] InnoDB: Compressed tables use zlib 1.2.3
2015-01-22 18:49:18 7996 [Note] InnoDB: Not using CPU crc32 instructions
2015-01-22 18:49:18 7996 [Note] InnoDB: Initializing buffer pool, size = 128.0M
2015-01-22 18:49:18 7996 [Note] InnoDB: Completed initialization of buffer pool
2015-01-22 18:49:18 7996 [Note] InnoDB: Highest supported file format is Barracuda.
2015-01-22 18:49:18 7996 [Note] InnoDB: The log sequence numbers 1626134 and 1626134 in ibdata files do not match the log sequence number 1872231 in the ib_logfiles!
2015-01-22 18:49:18 7996 [Note] InnoDB: Database was not shutdown normally!
2015-01-22 18:49:18 7996 [Note] InnoDB: Starting crash recovery.
2015-01-22 18:49:18 7996 [Note] InnoDB: Reading tablespace information from the .ibd files...
2015-01-22 18:49:18 7996 [Note] InnoDB: Restoring possible half-written data pages 
2015-01-22 18:49:18 7996 [Note] InnoDB: from the doublewrite buffer...
2015-01-22 18:49:24 7996 [Note] InnoDB: 128 rollback segment(s) are active.
2015-01-22 18:49:24 7996 [Note] InnoDB: Waiting for purge to start
2015-01-22 18:49:25 7996 [Note] InnoDB: 5.6.13 started; log sequence number 1872231
2015-01-22 18:49:25 7996 [Note] Server hostname (bind-address): '*'; port: 3307
2015-01-22 18:49:25 7996 [Note] IPv6 is available.
2015-01-22 18:49:25 7996 [Note]   - '::' resolves to '::';
2015-01-22 18:49:25 7996 [Note] Server socket created on IP: '::'.
2015-01-23 14:53:24 9512 [Note] Plugin 'FEDERATED' is disabled.
2015-01-23 14:53:24 9512 [Note] InnoDB: The InnoDB memory heap is disabled
2015-01-23 14:53:24 9512 [Note] InnoDB: Mutexes and rw_locks use Windows interlocked functions
2015-01-23 14:53:24 9512 [Note] InnoDB: Compressed tables use zlib 1.2.3
2015-01-23 14:53:24 9512 [Note] InnoDB: Not using CPU crc32 instructions
2015-01-23 14:53:24 9512 [Note] InnoDB: Initializing buffer pool, size = 128.0M
2015-01-23 14:53:24 9512 [Note] InnoDB: Completed initialization of buffer pool
2015-01-23 14:53:24 9512 [Note] InnoDB: Highest supported file format is Barracuda.
2015-01-23 14:53:24 9512 [Note] InnoDB: The log sequence numbers 1626134 and 1626134 in ibdata files do not match the log sequence number 1875825 in the ib_logfiles!
2015-01-23 14:53:24 9512 [Note] InnoDB: Database was not shutdown normally!
2015-01-23 14:53:24 9512 [Note] InnoDB: Starting crash recovery.
2015-01-23 14:53:24 9512 [Note] InnoDB: Reading tablespace information from the .ibd files...
2015-01-23 14:53:24 9512 [Note] InnoDB: Restoring possible half-written data pages 
2015-01-23 14:53:24 9512 [Note] InnoDB: from the doublewrite buffer...
2015-01-23 14:53:25 9512 [Note] InnoDB: 128 rollback segment(s) are active.
2015-01-23 14:53:25 9512 [Note] InnoDB: Waiting for purge to start
2015-01-23 14:53:25 9512 [Note] InnoDB: 5.6.13 started; log sequence number 1875825
2015-01-23 14:53:25 9512 [Note] Server hostname (bind-address): '*'; port: 3307
2015-01-23 14:53:25 9512 [Note] IPv6 is available.
2015-01-23 14:53:25 9512 [Note]   - '::' resolves to '::';
2015-01-23 14:53:25 9512 [Note] Server socket created on IP: '::'.
2015-01-23 15:05:39 10744 [Note] Plugin 'FEDERATED' is disabled.
2015-01-23 15:05:39 10744 [Note] InnoDB: The InnoDB memory heap is disabled
2015-01-23 15:05:39 10744 [Note] InnoDB: Mutexes and rw_locks use Windows interlocked functions
2015-01-23 15:05:39 10744 [Note] InnoDB: Compressed tables use zlib 1.2.3
2015-01-23 15:05:39 10744 [Note] InnoDB: Not using CPU crc32 instructions
2015-01-23 15:05:39 10744 [Note] InnoDB: Initializing buffer pool, size = 128.0M
2015-01-23 15:05:39 10744 [Note] InnoDB: Completed initialization of buffer pool
2015-01-23 15:05:39 10744 [Note] InnoDB: Highest supported file format is Barracuda.
2015-01-23 15:05:39 10744 [Note] InnoDB: The log sequence numbers 1626134 and 1626134 in ibdata files do not match the log sequence number 1875835 in the ib_logfiles!
2015-01-23 15:05:39 10744 [Note] InnoDB: Database was not shutdown normally!
2015-01-23 15:05:39 10744 [Note] InnoDB: Starting crash recovery.
2015-01-23 15:05:39 10744 [Note] InnoDB: Reading tablespace information from the .ibd files...
2015-01-23 15:05:39 10744 [Note] InnoDB: Restoring possible half-written data pages 
2015-01-23 15:05:39 10744 [Note] InnoDB: from the doublewrite buffer...
2015-01-23 15:05:40 10744 [Note] InnoDB: 128 rollback segment(s) are active.
2015-01-23 15:05:40 10744 [Note] InnoDB: Waiting for purge to start
2015-01-23 15:05:40 10744 [Note] InnoDB: 5.6.13 started; log sequence number 1875835
2015-01-23 15:05:40 10744 [Note] Server hostname (bind-address): '*'; port: 3307
2015-01-23 15:05:40 10744 [Note] IPv6 is available.
2015-01-23 15:05:40 10744 [Note]   - '::' resolves to '::';
2015-01-23 15:05:40 10744 [Note] Server socket created on IP: '::'.
2015-01-23 15:06:03 10964 [Note] Plugin 'FEDERATED' is disabled.
2015-01-23 15:06:03 10964 [Note] InnoDB: The InnoDB memory heap is disabled
2015-01-23 15:06:03 10964 [Note] InnoDB: Mutexes and rw_locks use Windows interlocked functions
2015-01-23 15:06:03 10964 [Note] InnoDB: Compressed tables use zlib 1.2.3
2015-01-23 15:06:03 10964 [Note] InnoDB: Not using CPU crc32 instructions
2015-01-23 15:06:03 10964 [Note] InnoDB: Initializing buffer pool, size = 128.0M
2015-01-23 15:06:03 10964 [Note] InnoDB: Completed initialization of buffer pool
2015-01-23 15:06:03 10964 [Note] InnoDB: Highest supported file format is Barracuda.
2015-01-23 15:06:03 10964 [Note] InnoDB: The log sequence numbers 1626134 and 1626134 in ibdata files do not match the log sequence number 1875845 in the ib_logfiles!
2015-01-23 15:06:03 10964 [Note] InnoDB: Database was not shutdown normally!
2015-01-23 15:06:03 10964 [Note] InnoDB: Starting crash recovery.
2015-01-23 15:06:03 10964 [Note] InnoDB: Reading tablespace information from the .ibd files...
2015-01-23 15:06:03 10964 [Note] InnoDB: Restoring possible half-written data pages 
2015-01-23 15:06:03 10964 [Note] InnoDB: from the doublewrite buffer...
2015-01-23 15:06:04 10964 [Note] InnoDB: 128 rollback segment(s) are active.
2015-01-23 15:06:04 10964 [Note] InnoDB: Waiting for purge to start
2015-01-23 15:06:04 10964 [Note] InnoDB: 5.6.13 started; log sequence number 1875845
2015-01-23 15:06:04 10964 [Note] Server hostname (bind-address): '*'; port: 3307
2015-01-23 15:06:04 10964 [Note] IPv6 is available.
2015-01-23 15:06:04 10964 [Note]   - '::' resolves to '::';
2015-01-23 15:06:04 10964 [Note] Server socket created on IP: '::'.
2015-01-23 15:06:08 9272 [Note] Plugin 'FEDERATED' is disabled.
2015-01-23 15:06:08 9272 [Note] InnoDB: The InnoDB memory heap is disabled
2015-01-23 15:06:08 9272 [Note] InnoDB: Mutexes and rw_locks use Windows interlocked functions
2015-01-23 15:06:08 9272 [Note] InnoDB: Compressed tables use zlib 1.2.3
2015-01-23 15:06:08 9272 [Note] InnoDB: Not using CPU crc32 instructions
2015-01-23 15:06:08 9272 [Note] InnoDB: Initializing buffer pool, size = 128.0M
2015-01-23 15:06:08 9272 [Note] InnoDB: Completed initialization of buffer pool
2015-01-23 15:06:08 9272 [Note] InnoDB: Highest supported file format is Barracuda.
2015-01-23 15:06:08 9272 [Note] InnoDB: The log sequence numbers 1626134 and 1626134 in ibdata files do not match the log sequence number 1875845 in the ib_logfiles!
2015-01-23 15:06:08 9272 [Note] InnoDB: Database was not shutdown normally!
2015-01-23 15:06:08 9272 [Note] InnoDB: Starting crash recovery.
2015-01-23 15:06:08 9272 [Note] InnoDB: Reading tablespace information from the .ibd files...
2015-01-23 15:06:08 9272 [Note] InnoDB: Restoring possible half-written data pages 
2015-01-23 15:06:08 9272 [Note] InnoDB: from the doublewrite buffer...
2015-01-23 15:06:09 9272 [Note] InnoDB: 128 rollback segment(s) are active.
2015-01-23 15:06:09 9272 [Note] InnoDB: Waiting for purge to start
2015-01-23 15:06:09 9272 [Note] InnoDB: 5.6.13 started; log sequence number 1875845
2015-01-23 15:06:09 9272 [Note] Server hostname (bind-address): '*'; port: 3307
2015-01-23 15:06:09 9272 [Note] IPv6 is available.
2015-01-23 15:06:09 9272 [Note]   - '::' resolves to '::';
2015-01-23 15:06:09 9272 [Note] Server socket created on IP: '::'.
2015-01-23 15:06:10 9272 [Note] Event Scheduler: Loaded 0 events
2015-01-23 15:06:10 9272 [Note] C:\Users\Jo\Documents\MijnLibrary\USBWebserver v8.6/mysql/bin/mysqld_usbwv8.exe: ready for connections.
Version: '5.6.13'  socket: ''  port: 3307  MySQL Community Server (GPL)
2015-01-24 12:15:17 10624 [Note] Plugin 'FEDERATED' is disabled.
2015-01-24 12:15:17 10624 [Note] InnoDB: The InnoDB memory heap is disabled
2015-01-24 12:15:17 10624 [Note] InnoDB: Mutexes and rw_locks use Windows interlocked functions
2015-01-24 12:15:17 10624 [Note] InnoDB: Compressed tables use zlib 1.2.3
2015-01-24 12:15:17 10624 [Note] InnoDB: Not using CPU crc32 instructions
2015-01-24 12:15:17 10624 [Note] InnoDB: Initializing buffer pool, size = 128.0M
2015-01-24 12:15:17 2188 [Note] Plugin 'FEDERATED' is disabled.
2015-01-24 12:15:17 2188 [Note] InnoDB: The InnoDB memory heap is disabled
2015-01-24 12:15:17 2188 [Note] InnoDB: Mutexes and rw_locks use Windows interlocked functions
2015-01-24 12:15:17 2188 [Note01In-01-24 12:r1ssed tables use zlib 1.2.3
Completed initialization of buffer pool
2015-01-24 12:15:17 2188 [Note] InnoDB: Not using CPU crc32 instructions
2015-01-24 12:15:17 2188 [Note] InnoDB: Initializing buffer pool, size = 128.0M
2015-01-24 12:15:17 2188 [Note] InnoDB: Completed initialization of buffer pool
2015-01-24 12:15:17 2188 [ERROR] InnoDB: C:\Users\Jo\Documents\MijnLibrary\USBWebserver v8.6\mysql\data\ibdata1 can't be opened in read-write mode
2015-01-24 12:15:17 2188 [ERROR] InnoDB: The system tablespace must be writable!
2015-01-24 12:15:17 2188 [ERROR] Plugin 'InnoDB' init function returned error.
2015-01-24 12:15:17 2188 [ERROR] Plugin 'InnoDB' registration as a STORAGE ENGINE failed.
2015-01-24 12:15:17 2188 [ERROR] Unknown/unsupported storage engine: InnoDB
2015-01-24 12:15:17 2188 [ERROR] Aborting

2015-01-24 12:15:17 2188 [Note] Binlog end
2015-01-24 12:15:17 2188 [Note] Shutting down plugin 'partition'
2015-01-24 12:15:17 2188 [Note] Shutting down plugin 'PERFORMANCE_SCHEMA'
2015-01-24 12:15:17 2188 [Note] Shutting down plugin 'INNODB_SYS_DATAFILES'
2015-01-24 12:15:17 2188 [Note] Shutting down plugin 'INNODB_SYS_TABLESPACES'
2015-01-24 12:15:17 2188 [Note] Shutting down plugin 'INNODB_SYS_FOREIGN_COLS'
2015-01-24 12:15:17 2188 [Note] Shutting down plugin 'INNODB_SYS_FOREIGN'
2015-01-24 12:15:17 2188 [Note] Shutting down plugin 'INNODB_SYS_FIELDS'
2015-01-24 12:15:17 2188 [Note] Shutting down plugin 'INNODB_SYS_COLUMNS'
2015-01-24 12:15:17 2188 [Note] Shutting down plugin 'INNODB_SYS_INDEXES'
2015-01-24 12:15:17 2188 [Note] Shutting down plugin 'INNODB_SYS_TABLESTATS'
2015-01-24 12:15:17 2188 [Note] Shutting down plugin 'INNODB_SYS_TABLES'
2015-01-24 12:15:17 2188 [Note] Shutting down plugin 'INNODB_FT_INDEX_TABLE'
2015-01-24 12:15:17 2188 [Note] Shutting down plugin 'INNODB_FT_INDEX_CACHE'
2015-01-24 12:15:17 2188 [Note] Shutting down plugin 'INNODB_FT_CONFIG'
2015-01-24 12:15:17 2188 [Note] Shutting down plugin 'INNODB_FT_BEING_DELETED'
2015-01-24 12:15:17 2188 [Note] Shutting down plugin 'INNODB_FT_DELETED'
2015-01-24 12:15:17 2188 [Note] Shutting down plugin 'INNODB_FT_DEFAULT_STOPWORD'
2015-01-24 12:15:17 2188 [Note] Shutting down plugin 'INNODB_METRICS'
2015-01-24 12:15:17 2188 [Note] Shutting down plugin 'INNODB_BUFFER_POOL_STATS'
2015-01-24 12:15:17 2188 [Note] Shutting down plugin 'INNODB_BUFFER_PAGE_LRU'
2015-01-24 12:15:17 2188 [Note] Shutting down plugin 'INNODB_BUFFER_PAGE'
2015-01-24 12:15:17 2188 [Note] Shutting down plugin 'INNODB_CMP_PER_INDEX_RESET'
2015-01-24 12:15:17 2188 [Note] Shutting down plugin 'INNODB_CMP_PER_INDEX'
2015-01-24 12:15:17 2188 [Note] Shutting down plugin 'INNODB_CMPMEM_RESET'
2015-01-24 12:15:17 2188 [Note] Shutting down plugin 'INNODB_CMPMEM'
2015-01-24 12:15:17 2188 [Note] Shutting down plugin 'INNODB_CMP_RESET'
2015-01-24 12:15:17 2188 [Note] Shutting down plugin 'INNODB_CMP'
2015-01-24 12:15:17 2188 [Note] Shutting down plugin 'INNODB_LOCK_WAITS'
2015-01-24 12:15:17 2188 [Note] Shutting down plugin 'INNODB_LOCKS'
2015-01-24 12:15:17 2188 [Note] Shutting down plugin 'INNODB_TRX'
2015-01-24 12:15:17 2188 [Note] Shutting down plugin 'BLACKHOLE'
2015-01-24 12:15:17 2188 [Note] Shutting down plugin 'ARCHIVE'
2015-01-24 12:15:17 2188 [Note] Shutting down plugin 'MRG_MYISAM'
2015-01-24 12:15:17 2188 [Note] Shutting down plugin 'MyISAM'
2015-01-24 12:15:17 2188 [Note] Shutting down plugin 'MEMORY'
2015-01-24 12:15:17 2188 [Note] Shutting down plugin 'CSV'
2015-01-24 12:15:17 2188 [Note] Shutting down plugin 'sha256_password'
2015-01-24 12:15:17 2188 [Note] Shutting down plugin 'mysql_old_password'
2015-01-24 12:15:17 2188 [Note] Shutting down plugin 'mysql_native_password'
2015-01-24 12:15:17 2188 [Note] Shutting down plugin 'binlog'
2015-01-24 12:15:17 2188 [Note] C:\Users\Jo\Documents\MijnLibrary\USBWebserver v8.6/mysql/bin/mysqld_usbwv8.exe: Shutdown complete

2015-01-24 12:15:17 10624 [Note] InnoDB: Highest supported file format is Barracuda.
2015-01-24 12:15:18 10624 [Note] InnoDB: The log sequence numbers 1626134 and 1626134 in ibdata files do not match the log sequence number 1920900 in the ib_logfiles!
2015-01-24 12:15:18 10624 [Note] InnoDB: Database was not shutdown normally!
2015-01-24 12:15:18 10624 [Note] InnoDB: Starting crash recovery.
2015-01-24 12:15:18 10624 [Note] InnoDB: Reading tablespace information from the .ibd files...
2015-01-24 12:15:22 2368 [Note] Plugin 'FEDERATED' is disabled.
2015-01-24 12:15:22 2368 [Note] InnoDB: The InnoDB memory heap is disabled
2015-01-24 12:15:22 2368 [Note] InnoDB: Mutexes and rw_locks use Windows interlocked functions
2015-01-24 12:15:22 2368 [Note] InnoDB: Compressed tables use zlib 1.2.3
2015-01-24 12:15:22 2368 [Note] InnoDB: Not using CPU crc32 instructions
2015-01-24 12:15:22 2368 [Note] InnoDB: Initializing buffer pool, size = 128.0M
2015-01-24 12:15:22 2368 [Note] InnoDB: Completed initialization of buffer pool
2015-01-24 12:15:22 2368 [Note] InnoDB: Highest supported file format is Barracuda.
2015-01-24 12:15:22 2368 [Note] InnoDB: The log sequence numbers 1626134 and 1626134 in ibdata files do not match the log sequence number 1920900 in the ib_logfiles!
2015-01-24 12:15:22 2368 [Note] InnoDB: Database was not shutdown normally!
2015-01-24 12:15:22 2368 [Note] InnoDB: Starting crash recovery.
2015-01-24 12:15:22 2368 [Note] InnoDB: Reading tablespace information from the .ibd files...
2015-01-24 12:15:23 2368 [Note] InnoDB: Restoring possible half-written data pages 
2015-01-24 12:15:23 2368 [Note] InnoDB: from the doublewrite buffer...
2015-01-24 12:15:24 2368 [Note] InnoDB: 128 rollback segment(s) are active.
2015-01-24 12:15:24 2368 [Note] InnoDB: Waiting for purge to start
2015-01-24 12:15:24 2368 [Note] InnoDB: 5.6.13 started; log sequence number 1920900
2015-01-24 12:15:24 2368 [Note] Server hostname (bind-address): '*'; port: 3307
2015-01-24 12:15:24 2368 [Note] IPv6 is available.
2015-01-24 12:15:24 2368 [Note]   - '::' resolves to '::';
2015-01-24 12:15:24 2368 [Note] Server socket created on IP: '::'.
